<?xml version="1.0" encoding="UTF-8"?>
<robot generator="Robot 3.2.2 (Python 3.8.5 on win32)" generated="20201121 11:44:30.673" rpa="false">
<suite id="s1" name="Test Hairzer" source="D:\testgit\test_hairzer\test_hairzer.robot">
<test id="s1-t1" name="ลองส่งค่า">
<kw name="Hello Name">
<arguments>
<arg>testtest</arg>
</arguments>
<kw name="Log To Console" library="BuiltIn">
<doc>Logs the given message to the console.</doc>
<arguments>
<arg>\nHello ${data}</arg>
</arguments>
<status status="PASS" starttime="20201121 11:44:30.933" endtime="20201121 11:44:30.943"></status>
</kw>
<kw name="Log To Console" library="BuiltIn">
<doc>Logs the given message to the console.</doc>
<arguments>
<arg>harizer = ${URL}</arg>
</arguments>
<status status="PASS" starttime="20201121 11:44:30.943" endtime="20201121 11:44:30.943"></status>
</kw>
<status status="PASS" starttime="20201121 11:44:30.933" endtime="20201121 11:44:30.944"></status>
</kw>
<status status="PASS" starttime="20201121 11:44:30.931" endtime="20201121 11:44:30.944" critical="yes"></status>
</test>
<status status="PASS" starttime="20201121 11:44:30.675" endtime="20201121 11:44:30.945"></status>
</suite>
<statistics>
<total>
<stat pass="1" fail="0">Critical Tests</stat>
<stat pass="1" fail="0">All Tests</stat>
</total>
<tag>
</tag>
<suite>
<stat pass="1" fail="0" id="s1" name="Test Hairzer">Test Hairzer</stat>
</suite>
</statistics>
<errors>
</errors>
</robot>
