<?xml version="1.0" encoding="UTF-8"?>
<robot generator="Robot 3.2.2 (Python 3.8.5 on win32)" generated="20201126 06:25:54.522" rpa="false">
<suite id="s1" name="HZ LOCATION EDIT 008" source="D:\testgit\test_hairzer\HZ_LOCATION_EDIT_008.robot">
<test id="s1-t1" name="ทดสอบแก้ไขราคาในกรณีที่กรอกข้อมูล-ถูกต้อง">
<kw name="เปิดเว็บ hairzer" library="Keywords">
<kw name="Open Browser" library="Selenium2Library">
<doc>Opens a new browser instance to the optional ``url``.</doc>
<arguments>
<arg>${URL}</arg>
<arg>${browser}</arg>
</arguments>
<msg timestamp="20201126 06:25:54.855" level="INFO">Opening browser 'chrome' to base url 'http://128.199.236.172/signin'.</msg>
<status status="PASS" starttime="20201126 06:25:54.855" endtime="20201126 06:26:00.050"></status>
</kw>
<kw name="Maximize Browser Window" library="Selenium2Library">
<doc>Maximizes current browser window.</doc>
<status status="PASS" starttime="20201126 06:26:00.051" endtime="20201126 06:26:02.168"></status>
</kw>
<kw name="Set Selenium Speed" library="Selenium2Library">
<doc>Sets the delay that is waited after each Selenium command.</doc>
<arguments>
<arg>0.4</arg>
</arguments>
<status status="PASS" starttime="20201126 06:26:02.168" endtime="20201126 06:26:02.169"></status>
</kw>
<status status="PASS" starttime="20201126 06:25:54.854" endtime="20201126 06:26:02.169"></status>
</kw>
<kw name="input username" library="Keywords">
<kw name="Input Text" library="Selenium2Library">
<doc>Types the given ``text`` into the text field identified by ``locator``.</doc>
<arguments>
<arg>//*[@id="app"]/div[2]/div/div/div/div/input[1]</arg>
<arg>${username_location}</arg>
</arguments>
<msg timestamp="20201126 06:26:02.171" level="INFO">Typing text 'test_location@gmail.com' into text field '//*[@id="app"]/div[2]/div/div/div/div/input[1]'.</msg>
<status status="PASS" starttime="20201126 06:26:02.171" endtime="20201126 06:26:03.540"></status>
</kw>
<status status="PASS" starttime="20201126 06:26:02.170" endtime="20201126 06:26:03.540"></status>
</kw>
<kw name="input password" library="Keywords">
<kw name="Input Text" library="Selenium2Library">
<doc>Types the given ``text`` into the text field identified by ``locator``.</doc>
<arguments>
<arg>//*[@id="app"]/div[2]/div/div/div/div/input[2]</arg>
<arg>${password_location}</arg>
</arguments>
<msg timestamp="20201126 06:26:03.541" level="INFO">Typing text '123456789' into text field '//*[@id="app"]/div[2]/div/div/div/div/input[2]'.</msg>
<status status="PASS" starttime="20201126 06:26:03.541" endtime="20201126 06:26:04.847"></status>
</kw>
<status status="PASS" starttime="20201126 06:26:03.540" endtime="20201126 06:26:04.847"></status>
</kw>
<kw name="กดปุ่ม sign in" library="Keywords">
<kw name="Click Button" library="Selenium2Library">
<doc>Clicks the button identified by ``locator``.</doc>
<arguments>
<arg>//*[@id="app"]/div[2]/div/div/div/div/div[1]/div[2]/button</arg>
</arguments>
<msg timestamp="20201126 06:26:04.848" level="INFO">Clicking button '//*[@id="app"]/div[2]/div/div/div/div/div[1]/div[2]/button'.</msg>
<status status="PASS" starttime="20201126 06:26:04.848" endtime="20201126 06:26:06.916"></status>
</kw>
<status status="PASS" starttime="20201126 06:26:04.847" endtime="20201126 06:26:06.916"></status>
</kw>
<kw name="คลิกเมนู" library="Keywords">
<kw name="Sleep" library="BuiltIn">
<doc>Pauses the test executed for the given time.</doc>
<arguments>
<arg>5s</arg>
</arguments>
<msg timestamp="20201126 06:26:11.918" level="INFO">Slept 5 seconds</msg>
<status status="PASS" starttime="20201126 06:26:06.917" endtime="20201126 06:26:11.918"></status>
</kw>
<kw name="Page Should Contain Element" library="Selenium2Library">
<doc>Verifies that element ``locator`` is found on the current page.</doc>
<arguments>
<arg>//*[@id="navbarDropdown"]</arg>
</arguments>
<msg timestamp="20201126 06:26:12.331" level="INFO">Current page contains element '//*[@id="navbarDropdown"]'.</msg>
<status status="PASS" starttime="20201126 06:26:11.918" endtime="20201126 06:26:12.331"></status>
</kw>
<kw name="Click Element" library="Selenium2Library">
<doc>Click the element identified by ``locator``.</doc>
<arguments>
<arg>//*[@id="navbarDropdown"]</arg>
</arguments>
<msg timestamp="20201126 06:26:12.331" level="INFO">Clicking element '//*[@id="navbarDropdown"]'.</msg>
<status status="PASS" starttime="20201126 06:26:12.331" endtime="20201126 06:26:13.183"></status>
</kw>
<kw name="Page Should Contain Element" library="Selenium2Library">
<doc>Verifies that element ``locator`` is found on the current page.</doc>
<arguments>
<arg>//*[@id="navbarSupportedContent"]/ul[2]/li/div/a[2]</arg>
</arguments>
<msg timestamp="20201126 06:26:13.597" level="INFO">Current page contains element '//*[@id="navbarSupportedContent"]/ul[2]/li/div/a[2]'.</msg>
<status status="PASS" starttime="20201126 06:26:13.183" endtime="20201126 06:26:13.597"></status>
</kw>
<kw name="Click Element" library="Selenium2Library">
<doc>Click the element identified by ``locator``.</doc>
<arguments>
<arg>//*[@id="navbarSupportedContent"]/ul[2]/li/div/a[2]</arg>
</arguments>
<msg timestamp="20201126 06:26:13.597" level="INFO">Clicking element '//*[@id="navbarSupportedContent"]/ul[2]/li/div/a[2]'.</msg>
<status status="PASS" starttime="20201126 06:26:13.597" endtime="20201126 06:26:14.442"></status>
</kw>
<status status="PASS" starttime="20201126 06:26:06.916" endtime="20201126 06:26:14.442"></status>
</kw>
<kw name="${INDEX} IN RANGE [ 8 ]" type="for">
<kw name="${INDEX} = 0" type="foritem">
<kw name="input Cost" library="Keywords">
<arguments>
<arg>${INDEX}</arg>
<arg>@{HZ_LO_EDIT_08_valid}</arg>
</arguments>
<kw name="Sleep" library="BuiltIn">
<doc>Pauses the test executed for the given time.</doc>
<arguments>
<arg>3s</arg>
</arguments>
<msg timestamp="20201126 06:26:17.447" level="INFO">Slept 3 seconds</msg>
<status status="PASS" starttime="20201126 06:26:14.445" endtime="20201126 06:26:17.447"></status>
</kw>
<kw name="Page Should Contain Element" library="Selenium2Library">
<doc>Verifies that element ``locator`` is found on the current page.</doc>
<arguments>
<arg>//*[@id="cost"]</arg>
</arguments>
<msg timestamp="20201126 06:26:17.858" level="INFO">Current page contains element '//*[@id="cost"]'.</msg>
<status status="PASS" starttime="20201126 06:26:17.447" endtime="20201126 06:26:17.858"></status>
</kw>
<kw name="Input Text" library="Selenium2Library">
<doc>Types the given ``text`` into the text field identified by ``locator``.</doc>
<arguments>
<arg>//*[@id="cost"]</arg>
<arg>${ITEMS}[${INDEX}]</arg>
</arguments>
<msg timestamp="20201126 06:26:17.858" level="INFO">Typing text '100' into text field '//*[@id="cost"]'.</msg>
<status status="PASS" starttime="20201126 06:26:17.858" endtime="20201126 06:26:19.185"></status>
</kw>
<kw name="Click Button" library="Selenium2Library">
<doc>Clicks the button identified by ``locator``.</doc>
<arguments>
<arg>//*[@id="app"]/div[2]/div/div/div[2]/div/div/div[2]/div[1]/div[5]/button</arg>
</arguments>
<msg timestamp="20201126 06:26:19.185" level="INFO">Clicking button '//*[@id="app"]/div[2]/div/div/div[2]/div/div/div[2]/div[1]/div[5]/button'.</msg>
<status status="PASS" starttime="20201126 06:26:19.185" endtime="20201126 06:26:21.248"></status>
</kw>
<kw name="Sleep" library="BuiltIn">
<doc>Pauses the test executed for the given time.</doc>
<arguments>
<arg>1s</arg>
</arguments>
<msg timestamp="20201126 06:26:22.250" level="INFO">Slept 1 second</msg>
<status status="PASS" starttime="20201126 06:26:21.248" endtime="20201126 06:26:22.250"></status>
</kw>
<kw name="Alert Should Be Present" library="Selenium2Library">
<doc>Verifies that an alert is present and by default, accepts it.</doc>
<arguments>
<arg>text=แก้ไขข้อมูลการให้บริการของสถานที่สำเร็จ</arg>
</arguments>
<status status="PASS" starttime="20201126 06:26:22.250" endtime="20201126 06:26:23.456"></status>
</kw>
<kw name="Run Keyword And Ignore Error" library="BuiltIn">
<doc>Runs the given keyword with the given arguments and ignores possible error.</doc>
<arguments>
<arg>Click Button</arg>
<arg>//button</arg>
</arguments>
<kw name="Click Button" library="Selenium2Library">
<doc>Clicks the button identified by ``locator``.</doc>
<arguments>
<arg>//button</arg>
</arguments>
<msg timestamp="20201126 06:26:23.457" level="INFO">Clicking button '//button'.</msg>
<kw name="Capture Page Screenshot" library="Selenium2Library">
<doc>Takes a screenshot of the current page and embeds it into a log file.</doc>
<msg timestamp="20201126 06:26:31.786" level="INFO" html="yes">&lt;/td&gt;&lt;/tr&gt;&lt;tr&gt;&lt;td colspan="3"&gt;&lt;a href="selenium-screenshot-159.png"&gt;&lt;img src="selenium-screenshot-159.png" width="800px"&gt;&lt;/a&gt;</msg>
<status status="PASS" starttime="20201126 06:26:31.061" endtime="20201126 06:26:31.786"></status>
</kw>
<msg timestamp="20201126 06:26:31.791" level="FAIL">ElementNotInteractableException: Message: element not interactable
  (Session info: chrome=86.0.4240.198)
</msg>
<status status="FAIL" starttime="20201126 06:26:23.456" endtime="20201126 06:26:31.791"></status>
</kw>
<status status="PASS" starttime="20201126 06:26:23.456" endtime="20201126 06:26:31.791"></status>
</kw>
<kw name="Sleep" library="BuiltIn">
<doc>Pauses the test executed for the given time.</doc>
<arguments>
<arg>1s</arg>
</arguments>
<msg timestamp="20201126 06:26:32.791" level="INFO">Slept 1 second</msg>
<status status="PASS" starttime="20201126 06:26:31.791" endtime="20201126 06:26:32.791"></status>
</kw>
<status status="PASS" starttime="20201126 06:26:14.443" endtime="20201126 06:26:32.791"></status>
</kw>
<kw name="Reload Page" library="Selenium2Library">
<doc>Simulates user reloading page.</doc>
<status status="PASS" starttime="20201126 06:26:32.791" endtime="20201126 06:26:33.636"></status>
</kw>
<status status="PASS" starttime="20201126 06:26:14.443" endtime="20201126 06:26:33.636"></status>
</kw>
<kw name="${INDEX} = 1" type="foritem">
<kw name="input Cost" library="Keywords">
<arguments>
<arg>${INDEX}</arg>
<arg>@{HZ_LO_EDIT_08_valid}</arg>
</arguments>
<kw name="Sleep" library="BuiltIn">
<doc>Pauses the test executed for the given time.</doc>
<arguments>
<arg>3s</arg>
</arguments>
<msg timestamp="20201126 06:26:36.638" level="INFO">Slept 3 seconds</msg>
<status status="PASS" starttime="20201126 06:26:33.637" endtime="20201126 06:26:36.638"></status>
</kw>
<kw name="Page Should Contain Element" library="Selenium2Library">
<doc>Verifies that element ``locator`` is found on the current page.</doc>
<arguments>
<arg>//*[@id="cost"]</arg>
</arguments>
<msg timestamp="20201126 06:26:37.050" level="INFO">Current page contains element '//*[@id="cost"]'.</msg>
<status status="PASS" starttime="20201126 06:26:36.638" endtime="20201126 06:26:37.050"></status>
</kw>
<kw name="Input Text" library="Selenium2Library">
<doc>Types the given ``text`` into the text field identified by ``locator``.</doc>
<arguments>
<arg>//*[@id="cost"]</arg>
<arg>${ITEMS}[${INDEX}]</arg>
</arguments>
<msg timestamp="20201126 06:26:37.050" level="INFO">Typing text '101' into text field '//*[@id="cost"]'.</msg>
<status status="PASS" starttime="20201126 06:26:37.050" endtime="20201126 06:26:38.380"></status>
</kw>
<kw name="Click Button" library="Selenium2Library">
<doc>Clicks the button identified by ``locator``.</doc>
<arguments>
<arg>//*[@id="app"]/div[2]/div/div/div[2]/div/div/div[2]/div[1]/div[5]/button</arg>
</arguments>
<msg timestamp="20201126 06:26:38.380" level="INFO">Clicking button '//*[@id="app"]/div[2]/div/div/div[2]/div/div/div[2]/div[1]/div[5]/button'.</msg>
<status status="PASS" starttime="20201126 06:26:38.380" endtime="20201126 06:26:40.443"></status>
</kw>
<kw name="Sleep" library="BuiltIn">
<doc>Pauses the test executed for the given time.</doc>
<arguments>
<arg>1s</arg>
</arguments>
<msg timestamp="20201126 06:26:41.444" level="INFO">Slept 1 second</msg>
<status status="PASS" starttime="20201126 06:26:40.443" endtime="20201126 06:26:41.444"></status>
</kw>
<kw name="Alert Should Be Present" library="Selenium2Library">
<doc>Verifies that an alert is present and by default, accepts it.</doc>
<arguments>
<arg>text=แก้ไขข้อมูลการให้บริการของสถานที่สำเร็จ</arg>
</arguments>
<status status="PASS" starttime="20201126 06:26:41.444" endtime="20201126 06:26:42.650"></status>
</kw>
<kw name="Run Keyword And Ignore Error" library="BuiltIn">
<doc>Runs the given keyword with the given arguments and ignores possible error.</doc>
<arguments>
<arg>Click Button</arg>
<arg>//button</arg>
</arguments>
<kw name="Click Button" library="Selenium2Library">
<doc>Clicks the button identified by ``locator``.</doc>
<arguments>
<arg>//button</arg>
</arguments>
<msg timestamp="20201126 06:26:42.651" level="INFO">Clicking button '//button'.</msg>
<kw name="Capture Page Screenshot" library="Selenium2Library">
<doc>Takes a screenshot of the current page and embeds it into a log file.</doc>
<msg timestamp="20201126 06:26:50.743" level="INFO" html="yes">&lt;/td&gt;&lt;/tr&gt;&lt;tr&gt;&lt;td colspan="3"&gt;&lt;a href="selenium-screenshot-160.png"&gt;&lt;img src="selenium-screenshot-160.png" width="800px"&gt;&lt;/a&gt;</msg>
<status status="PASS" starttime="20201126 06:26:50.007" endtime="20201126 06:26:50.743"></status>
</kw>
<msg timestamp="20201126 06:26:50.745" level="FAIL">ElementNotInteractableException: Message: element not interactable
  (Session info: chrome=86.0.4240.198)
</msg>
<status status="FAIL" starttime="20201126 06:26:42.650" endtime="20201126 06:26:50.745"></status>
</kw>
<status status="PASS" starttime="20201126 06:26:42.650" endtime="20201126 06:26:50.745"></status>
</kw>
<kw name="Sleep" library="BuiltIn">
<doc>Pauses the test executed for the given time.</doc>
<arguments>
<arg>1s</arg>
</arguments>
<msg timestamp="20201126 06:26:51.746" level="INFO">Slept 1 second</msg>
<status status="PASS" starttime="20201126 06:26:50.745" endtime="20201126 06:26:51.746"></status>
</kw>
<status status="PASS" starttime="20201126 06:26:33.636" endtime="20201126 06:26:51.746"></status>
</kw>
<kw name="Reload Page" library="Selenium2Library">
<doc>Simulates user reloading page.</doc>
<status status="PASS" starttime="20201126 06:26:51.747" endtime="20201126 06:26:52.615"></status>
</kw>
<status status="PASS" starttime="20201126 06:26:33.636" endtime="20201126 06:26:52.615"></status>
</kw>
<kw name="${INDEX} = 2" type="foritem">
<kw name="input Cost" library="Keywords">
<arguments>
<arg>${INDEX}</arg>
<arg>@{HZ_LO_EDIT_08_valid}</arg>
</arguments>
<kw name="Sleep" library="BuiltIn">
<doc>Pauses the test executed for the given time.</doc>
<arguments>
<arg>3s</arg>
</arguments>
<msg timestamp="20201126 06:26:55.617" level="INFO">Slept 3 seconds</msg>
<status status="PASS" starttime="20201126 06:26:52.616" endtime="20201126 06:26:55.617"></status>
</kw>
<kw name="Page Should Contain Element" library="Selenium2Library">
<doc>Verifies that element ``locator`` is found on the current page.</doc>
<arguments>
<arg>//*[@id="cost"]</arg>
</arguments>
<msg timestamp="20201126 06:26:56.029" level="INFO">Current page contains element '//*[@id="cost"]'.</msg>
<status status="PASS" starttime="20201126 06:26:55.617" endtime="20201126 06:26:56.029"></status>
</kw>
<kw name="Input Text" library="Selenium2Library">
<doc>Types the given ``text`` into the text field identified by ``locator``.</doc>
<arguments>
<arg>//*[@id="cost"]</arg>
<arg>${ITEMS}[${INDEX}]</arg>
</arguments>
<msg timestamp="20201126 06:26:56.029" level="INFO">Typing text '500' into text field '//*[@id="cost"]'.</msg>
<status status="PASS" starttime="20201126 06:26:56.029" endtime="20201126 06:26:57.360"></status>
</kw>
<kw name="Click Button" library="Selenium2Library">
<doc>Clicks the button identified by ``locator``.</doc>
<arguments>
<arg>//*[@id="app"]/div[2]/div/div/div[2]/div/div/div[2]/div[1]/div[5]/button</arg>
</arguments>
<msg timestamp="20201126 06:26:57.360" level="INFO">Clicking button '//*[@id="app"]/div[2]/div/div/div[2]/div/div/div[2]/div[1]/div[5]/button'.</msg>
<status status="PASS" starttime="20201126 06:26:57.360" endtime="20201126 06:26:59.424"></status>
</kw>
<kw name="Sleep" library="BuiltIn">
<doc>Pauses the test executed for the given time.</doc>
<arguments>
<arg>1s</arg>
</arguments>
<msg timestamp="20201126 06:27:00.425" level="INFO">Slept 1 second</msg>
<status status="PASS" starttime="20201126 06:26:59.424" endtime="20201126 06:27:00.425"></status>
</kw>
<kw name="Alert Should Be Present" library="Selenium2Library">
<doc>Verifies that an alert is present and by default, accepts it.</doc>
<arguments>
<arg>text=แก้ไขข้อมูลการให้บริการของสถานที่สำเร็จ</arg>
</arguments>
<status status="PASS" starttime="20201126 06:27:00.425" endtime="20201126 06:27:01.631"></status>
</kw>
<kw name="Run Keyword And Ignore Error" library="BuiltIn">
<doc>Runs the given keyword with the given arguments and ignores possible error.</doc>
<arguments>
<arg>Click Button</arg>
<arg>//button</arg>
</arguments>
<kw name="Click Button" library="Selenium2Library">
<doc>Clicks the button identified by ``locator``.</doc>
<arguments>
<arg>//button</arg>
</arguments>
<msg timestamp="20201126 06:27:01.632" level="INFO">Clicking button '//button'.</msg>
<kw name="Capture Page Screenshot" library="Selenium2Library">
<doc>Takes a screenshot of the current page and embeds it into a log file.</doc>
<msg timestamp="20201126 06:27:09.675" level="INFO" html="yes">&lt;/td&gt;&lt;/tr&gt;&lt;tr&gt;&lt;td colspan="3"&gt;&lt;a href="selenium-screenshot-161.png"&gt;&lt;img src="selenium-screenshot-161.png" width="800px"&gt;&lt;/a&gt;</msg>
<status status="PASS" starttime="20201126 06:27:08.955" endtime="20201126 06:27:09.676"></status>
</kw>
<msg timestamp="20201126 06:27:09.677" level="FAIL">ElementNotInteractableException: Message: element not interactable
  (Session info: chrome=86.0.4240.198)
</msg>
<status status="FAIL" starttime="20201126 06:27:01.631" endtime="20201126 06:27:09.677"></status>
</kw>
<status status="PASS" starttime="20201126 06:27:01.631" endtime="20201126 06:27:09.677"></status>
</kw>
<kw name="Sleep" library="BuiltIn">
<doc>Pauses the test executed for the given time.</doc>
<arguments>
<arg>1s</arg>
</arguments>
<msg timestamp="20201126 06:27:10.679" level="INFO">Slept 1 second</msg>
<status status="PASS" starttime="20201126 06:27:09.678" endtime="20201126 06:27:10.679"></status>
</kw>
<status status="PASS" starttime="20201126 06:26:52.615" endtime="20201126 06:27:10.679"></status>
</kw>
<kw name="Reload Page" library="Selenium2Library">
<doc>Simulates user reloading page.</doc>
<status status="PASS" starttime="20201126 06:27:10.679" endtime="20201126 06:27:11.565"></status>
</kw>
<status status="PASS" starttime="20201126 06:26:52.615" endtime="20201126 06:27:11.565"></status>
</kw>
<kw name="${INDEX} = 3" type="foritem">
<kw name="input Cost" library="Keywords">
<arguments>
<arg>${INDEX}</arg>
<arg>@{HZ_LO_EDIT_08_valid}</arg>
</arguments>
<kw name="Sleep" library="BuiltIn">
<doc>Pauses the test executed for the given time.</doc>
<arguments>
<arg>3s</arg>
</arguments>
<msg timestamp="20201126 06:27:14.566" level="INFO">Slept 3 seconds</msg>
<status status="PASS" starttime="20201126 06:27:11.566" endtime="20201126 06:27:14.566"></status>
</kw>
<kw name="Page Should Contain Element" library="Selenium2Library">
<doc>Verifies that element ``locator`` is found on the current page.</doc>
<arguments>
<arg>//*[@id="cost"]</arg>
</arguments>
<msg timestamp="20201126 06:27:14.980" level="INFO">Current page contains element '//*[@id="cost"]'.</msg>
<status status="PASS" starttime="20201126 06:27:14.566" endtime="20201126 06:27:14.980"></status>
</kw>
<kw name="Input Text" library="Selenium2Library">
<doc>Types the given ``text`` into the text field identified by ``locator``.</doc>
<arguments>
<arg>//*[@id="cost"]</arg>
<arg>${ITEMS}[${INDEX}]</arg>
</arguments>
<msg timestamp="20201126 06:27:14.980" level="INFO">Typing text '160' into text field '//*[@id="cost"]'.</msg>
<status status="PASS" starttime="20201126 06:27:14.980" endtime="20201126 06:27:16.311"></status>
</kw>
<kw name="Click Button" library="Selenium2Library">
<doc>Clicks the button identified by ``locator``.</doc>
<arguments>
<arg>//*[@id="app"]/div[2]/div/div/div[2]/div/div/div[2]/div[1]/div[5]/button</arg>
</arguments>
<msg timestamp="20201126 06:27:16.312" level="INFO">Clicking button '//*[@id="app"]/div[2]/div/div/div[2]/div/div/div[2]/div[1]/div[5]/button'.</msg>
<status status="PASS" starttime="20201126 06:27:16.311" endtime="20201126 06:27:18.376"></status>
</kw>
<kw name="Sleep" library="BuiltIn">
<doc>Pauses the test executed for the given time.</doc>
<arguments>
<arg>1s</arg>
</arguments>
<msg timestamp="20201126 06:27:19.376" level="INFO">Slept 1 second</msg>
<status status="PASS" starttime="20201126 06:27:18.376" endtime="20201126 06:27:19.376"></status>
</kw>
<kw name="Alert Should Be Present" library="Selenium2Library">
<doc>Verifies that an alert is present and by default, accepts it.</doc>
<arguments>
<arg>text=แก้ไขข้อมูลการให้บริการของสถานที่สำเร็จ</arg>
</arguments>
<status status="PASS" starttime="20201126 06:27:19.376" endtime="20201126 06:27:20.583"></status>
</kw>
<kw name="Run Keyword And Ignore Error" library="BuiltIn">
<doc>Runs the given keyword with the given arguments and ignores possible error.</doc>
<arguments>
<arg>Click Button</arg>
<arg>//button</arg>
</arguments>
<kw name="Click Button" library="Selenium2Library">
<doc>Clicks the button identified by ``locator``.</doc>
<arguments>
<arg>//button</arg>
</arguments>
<msg timestamp="20201126 06:27:20.584" level="INFO">Clicking button '//button'.</msg>
<kw name="Capture Page Screenshot" library="Selenium2Library">
<doc>Takes a screenshot of the current page and embeds it into a log file.</doc>
<msg timestamp="20201126 06:27:28.659" level="INFO" html="yes">&lt;/td&gt;&lt;/tr&gt;&lt;tr&gt;&lt;td colspan="3"&gt;&lt;a href="selenium-screenshot-162.png"&gt;&lt;img src="selenium-screenshot-162.png" width="800px"&gt;&lt;/a&gt;</msg>
<status status="PASS" starttime="20201126 06:27:27.942" endtime="20201126 06:27:28.659"></status>
</kw>
<msg timestamp="20201126 06:27:28.661" level="FAIL">ElementNotInteractableException: Message: element not interactable
  (Session info: chrome=86.0.4240.198)
</msg>
<status status="FAIL" starttime="20201126 06:27:20.583" endtime="20201126 06:27:28.661"></status>
</kw>
<status status="PASS" starttime="20201126 06:27:20.583" endtime="20201126 06:27:28.661"></status>
</kw>
<kw name="Sleep" library="BuiltIn">
<doc>Pauses the test executed for the given time.</doc>
<arguments>
<arg>1s</arg>
</arguments>
<msg timestamp="20201126 06:27:29.662" level="INFO">Slept 1 second</msg>
<status status="PASS" starttime="20201126 06:27:28.661" endtime="20201126 06:27:29.662"></status>
</kw>
<status status="PASS" starttime="20201126 06:27:11.565" endtime="20201126 06:27:29.662"></status>
</kw>
<kw name="Reload Page" library="Selenium2Library">
<doc>Simulates user reloading page.</doc>
<status status="PASS" starttime="20201126 06:27:29.662" endtime="20201126 06:27:30.570"></status>
</kw>
<status status="PASS" starttime="20201126 06:27:11.565" endtime="20201126 06:27:30.570"></status>
</kw>
<kw name="${INDEX} = 4" type="foritem">
<kw name="input Cost" library="Keywords">
<arguments>
<arg>${INDEX}</arg>
<arg>@{HZ_LO_EDIT_08_valid}</arg>
</arguments>
<kw name="Sleep" library="BuiltIn">
<doc>Pauses the test executed for the given time.</doc>
<arguments>
<arg>3s</arg>
</arguments>
<msg timestamp="20201126 06:27:33.572" level="INFO">Slept 3 seconds</msg>
<status status="PASS" starttime="20201126 06:27:30.571" endtime="20201126 06:27:33.572"></status>
</kw>
<kw name="Page Should Contain Element" library="Selenium2Library">
<doc>Verifies that element ``locator`` is found on the current page.</doc>
<arguments>
<arg>//*[@id="cost"]</arg>
</arguments>
<msg timestamp="20201126 06:27:33.984" level="INFO">Current page contains element '//*[@id="cost"]'.</msg>
<status status="PASS" starttime="20201126 06:27:33.572" endtime="20201126 06:27:33.984"></status>
</kw>
<kw name="Input Text" library="Selenium2Library">
<doc>Types the given ``text`` into the text field identified by ``locator``.</doc>
<arguments>
<arg>//*[@id="cost"]</arg>
<arg>${ITEMS}[${INDEX}]</arg>
</arguments>
<msg timestamp="20201126 06:27:33.984" level="INFO">Typing text '1957' into text field '//*[@id="cost"]'.</msg>
<status status="PASS" starttime="20201126 06:27:33.984" endtime="20201126 06:27:35.328"></status>
</kw>
<kw name="Click Button" library="Selenium2Library">
<doc>Clicks the button identified by ``locator``.</doc>
<arguments>
<arg>//*[@id="app"]/div[2]/div/div/div[2]/div/div/div[2]/div[1]/div[5]/button</arg>
</arguments>
<msg timestamp="20201126 06:27:35.328" level="INFO">Clicking button '//*[@id="app"]/div[2]/div/div/div[2]/div/div/div[2]/div[1]/div[5]/button'.</msg>
<status status="PASS" starttime="20201126 06:27:35.328" endtime="20201126 06:27:37.396"></status>
</kw>
<kw name="Sleep" library="BuiltIn">
<doc>Pauses the test executed for the given time.</doc>
<arguments>
<arg>1s</arg>
</arguments>
<msg timestamp="20201126 06:27:38.397" level="INFO">Slept 1 second</msg>
<status status="PASS" starttime="20201126 06:27:37.396" endtime="20201126 06:27:38.397"></status>
</kw>
<kw name="Alert Should Be Present" library="Selenium2Library">
<doc>Verifies that an alert is present and by default, accepts it.</doc>
<arguments>
<arg>text=แก้ไขข้อมูลการให้บริการของสถานที่สำเร็จ</arg>
</arguments>
<status status="PASS" starttime="20201126 06:27:38.397" endtime="20201126 06:27:39.603"></status>
</kw>
<kw name="Run Keyword And Ignore Error" library="BuiltIn">
<doc>Runs the given keyword with the given arguments and ignores possible error.</doc>
<arguments>
<arg>Click Button</arg>
<arg>//button</arg>
</arguments>
<kw name="Click Button" library="Selenium2Library">
<doc>Clicks the button identified by ``locator``.</doc>
<arguments>
<arg>//button</arg>
</arguments>
<msg timestamp="20201126 06:27:39.603" level="INFO">Clicking button '//button'.</msg>
<kw name="Capture Page Screenshot" library="Selenium2Library">
<doc>Takes a screenshot of the current page and embeds it into a log file.</doc>
<msg timestamp="20201126 06:27:47.662" level="INFO" html="yes">&lt;/td&gt;&lt;/tr&gt;&lt;tr&gt;&lt;td colspan="3"&gt;&lt;a href="selenium-screenshot-163.png"&gt;&lt;img src="selenium-screenshot-163.png" width="800px"&gt;&lt;/a&gt;</msg>
<status status="PASS" starttime="20201126 06:27:46.947" endtime="20201126 06:27:47.662"></status>
</kw>
<msg timestamp="20201126 06:27:47.664" level="FAIL">ElementNotInteractableException: Message: element not interactable
  (Session info: chrome=86.0.4240.198)
</msg>
<status status="FAIL" starttime="20201126 06:27:39.603" endtime="20201126 06:27:47.664"></status>
</kw>
<status status="PASS" starttime="20201126 06:27:39.603" endtime="20201126 06:27:47.664"></status>
</kw>
<kw name="Sleep" library="BuiltIn">
<doc>Pauses the test executed for the given time.</doc>
<arguments>
<arg>1s</arg>
</arguments>
<msg timestamp="20201126 06:27:48.666" level="INFO">Slept 1 second</msg>
<status status="PASS" starttime="20201126 06:27:47.664" endtime="20201126 06:27:48.666"></status>
</kw>
<status status="PASS" starttime="20201126 06:27:30.570" endtime="20201126 06:27:48.666"></status>
</kw>
<kw name="Reload Page" library="Selenium2Library">
<doc>Simulates user reloading page.</doc>
<status status="PASS" starttime="20201126 06:27:48.667" endtime="20201126 06:27:49.544"></status>
</kw>
<status status="PASS" starttime="20201126 06:27:30.570" endtime="20201126 06:27:49.544"></status>
</kw>
<kw name="${INDEX} = 5" type="foritem">
<kw name="input Cost" library="Keywords">
<arguments>
<arg>${INDEX}</arg>
<arg>@{HZ_LO_EDIT_08_valid}</arg>
</arguments>
<kw name="Sleep" library="BuiltIn">
<doc>Pauses the test executed for the given time.</doc>
<arguments>
<arg>3s</arg>
</arguments>
<msg timestamp="20201126 06:27:52.546" level="INFO">Slept 3 seconds</msg>
<status status="PASS" starttime="20201126 06:27:49.545" endtime="20201126 06:27:52.546"></status>
</kw>
<kw name="Page Should Contain Element" library="Selenium2Library">
<doc>Verifies that element ``locator`` is found on the current page.</doc>
<arguments>
<arg>//*[@id="cost"]</arg>
</arguments>
<msg timestamp="20201126 06:27:52.958" level="INFO">Current page contains element '//*[@id="cost"]'.</msg>
<status status="PASS" starttime="20201126 06:27:52.546" endtime="20201126 06:27:52.958"></status>
</kw>
<kw name="Input Text" library="Selenium2Library">
<doc>Types the given ``text`` into the text field identified by ``locator``.</doc>
<arguments>
<arg>//*[@id="cost"]</arg>
<arg>${ITEMS}[${INDEX}]</arg>
</arguments>
<msg timestamp="20201126 06:27:52.958" level="INFO">Typing text '8000' into text field '//*[@id="cost"]'.</msg>
<status status="PASS" starttime="20201126 06:27:52.958" endtime="20201126 06:27:54.298"></status>
</kw>
<kw name="Click Button" library="Selenium2Library">
<doc>Clicks the button identified by ``locator``.</doc>
<arguments>
<arg>//*[@id="app"]/div[2]/div/div/div[2]/div/div/div[2]/div[1]/div[5]/button</arg>
</arguments>
<msg timestamp="20201126 06:27:54.298" level="INFO">Clicking button '//*[@id="app"]/div[2]/div/div/div[2]/div/div/div[2]/div[1]/div[5]/button'.</msg>
<status status="PASS" starttime="20201126 06:27:54.298" endtime="20201126 06:27:56.360"></status>
</kw>
<kw name="Sleep" library="BuiltIn">
<doc>Pauses the test executed for the given time.</doc>
<arguments>
<arg>1s</arg>
</arguments>
<msg timestamp="20201126 06:27:57.361" level="INFO">Slept 1 second</msg>
<status status="PASS" starttime="20201126 06:27:56.360" endtime="20201126 06:27:57.361"></status>
</kw>
<kw name="Alert Should Be Present" library="Selenium2Library">
<doc>Verifies that an alert is present and by default, accepts it.</doc>
<arguments>
<arg>text=แก้ไขข้อมูลการให้บริการของสถานที่สำเร็จ</arg>
</arguments>
<status status="PASS" starttime="20201126 06:27:57.362" endtime="20201126 06:27:58.569"></status>
</kw>
<kw name="Run Keyword And Ignore Error" library="BuiltIn">
<doc>Runs the given keyword with the given arguments and ignores possible error.</doc>
<arguments>
<arg>Click Button</arg>
<arg>//button</arg>
</arguments>
<kw name="Click Button" library="Selenium2Library">
<doc>Clicks the button identified by ``locator``.</doc>
<arguments>
<arg>//button</arg>
</arguments>
<msg timestamp="20201126 06:27:58.570" level="INFO">Clicking button '//button'.</msg>
<kw name="Capture Page Screenshot" library="Selenium2Library">
<doc>Takes a screenshot of the current page and embeds it into a log file.</doc>
<msg timestamp="20201126 06:28:06.600" level="INFO" html="yes">&lt;/td&gt;&lt;/tr&gt;&lt;tr&gt;&lt;td colspan="3"&gt;&lt;a href="selenium-screenshot-164.png"&gt;&lt;img src="selenium-screenshot-164.png" width="800px"&gt;&lt;/a&gt;</msg>
<status status="PASS" starttime="20201126 06:28:05.870" endtime="20201126 06:28:06.601"></status>
</kw>
<msg timestamp="20201126 06:28:06.602" level="FAIL">ElementNotInteractableException: Message: element not interactable
  (Session info: chrome=86.0.4240.198)
</msg>
<status status="FAIL" starttime="20201126 06:27:58.569" endtime="20201126 06:28:06.602"></status>
</kw>
<status status="PASS" starttime="20201126 06:27:58.569" endtime="20201126 06:28:06.602"></status>
</kw>
<kw name="Sleep" library="BuiltIn">
<doc>Pauses the test executed for the given time.</doc>
<arguments>
<arg>1s</arg>
</arguments>
<msg timestamp="20201126 06:28:07.604" level="INFO">Slept 1 second</msg>
<status status="PASS" starttime="20201126 06:28:06.602" endtime="20201126 06:28:07.604"></status>
</kw>
<status status="PASS" starttime="20201126 06:27:49.544" endtime="20201126 06:28:07.604"></status>
</kw>
<kw name="Reload Page" library="Selenium2Library">
<doc>Simulates user reloading page.</doc>
<status status="PASS" starttime="20201126 06:28:07.604" endtime="20201126 06:28:08.449"></status>
</kw>
<status status="PASS" starttime="20201126 06:27:49.544" endtime="20201126 06:28:08.449"></status>
</kw>
<kw name="${INDEX} = 6" type="foritem">
<kw name="input Cost" library="Keywords">
<arguments>
<arg>${INDEX}</arg>
<arg>@{HZ_LO_EDIT_08_valid}</arg>
</arguments>
<kw name="Sleep" library="BuiltIn">
<doc>Pauses the test executed for the given time.</doc>
<arguments>
<arg>3s</arg>
</arguments>
<msg timestamp="20201126 06:28:11.451" level="INFO">Slept 3 seconds</msg>
<status status="PASS" starttime="20201126 06:28:08.450" endtime="20201126 06:28:11.451"></status>
</kw>
<kw name="Page Should Contain Element" library="Selenium2Library">
<doc>Verifies that element ``locator`` is found on the current page.</doc>
<arguments>
<arg>//*[@id="cost"]</arg>
</arguments>
<msg timestamp="20201126 06:28:11.863" level="INFO">Current page contains element '//*[@id="cost"]'.</msg>
<status status="PASS" starttime="20201126 06:28:11.451" endtime="20201126 06:28:11.863"></status>
</kw>
<kw name="Input Text" library="Selenium2Library">
<doc>Types the given ``text`` into the text field identified by ``locator``.</doc>
<arguments>
<arg>//*[@id="cost"]</arg>
<arg>${ITEMS}[${INDEX}]</arg>
</arguments>
<msg timestamp="20201126 06:28:11.863" level="INFO">Typing text '14999' into text field '//*[@id="cost"]'.</msg>
<status status="PASS" starttime="20201126 06:28:11.863" endtime="20201126 06:28:13.213"></status>
</kw>
<kw name="Click Button" library="Selenium2Library">
<doc>Clicks the button identified by ``locator``.</doc>
<arguments>
<arg>//*[@id="app"]/div[2]/div/div/div[2]/div/div/div[2]/div[1]/div[5]/button</arg>
</arguments>
<msg timestamp="20201126 06:28:13.213" level="INFO">Clicking button '//*[@id="app"]/div[2]/div/div/div[2]/div/div/div[2]/div[1]/div[5]/button'.</msg>
<status status="PASS" starttime="20201126 06:28:13.213" endtime="20201126 06:28:15.277"></status>
</kw>
<kw name="Sleep" library="BuiltIn">
<doc>Pauses the test executed for the given time.</doc>
<arguments>
<arg>1s</arg>
</arguments>
<msg timestamp="20201126 06:28:16.279" level="INFO">Slept 1 second</msg>
<status status="PASS" starttime="20201126 06:28:15.277" endtime="20201126 06:28:16.279"></status>
</kw>
<kw name="Alert Should Be Present" library="Selenium2Library">
<doc>Verifies that an alert is present and by default, accepts it.</doc>
<arguments>
<arg>text=แก้ไขข้อมูลการให้บริการของสถานที่สำเร็จ</arg>
</arguments>
<status status="PASS" starttime="20201126 06:28:16.279" endtime="20201126 06:28:17.485"></status>
</kw>
<kw name="Run Keyword And Ignore Error" library="BuiltIn">
<doc>Runs the given keyword with the given arguments and ignores possible error.</doc>
<arguments>
<arg>Click Button</arg>
<arg>//button</arg>
</arguments>
<kw name="Click Button" library="Selenium2Library">
<doc>Clicks the button identified by ``locator``.</doc>
<arguments>
<arg>//button</arg>
</arguments>
<msg timestamp="20201126 06:28:17.485" level="INFO">Clicking button '//button'.</msg>
<kw name="Capture Page Screenshot" library="Selenium2Library">
<doc>Takes a screenshot of the current page and embeds it into a log file.</doc>
<msg timestamp="20201126 06:28:25.548" level="INFO" html="yes">&lt;/td&gt;&lt;/tr&gt;&lt;tr&gt;&lt;td colspan="3"&gt;&lt;a href="selenium-screenshot-165.png"&gt;&lt;img src="selenium-screenshot-165.png" width="800px"&gt;&lt;/a&gt;</msg>
<status status="PASS" starttime="20201126 06:28:24.822" endtime="20201126 06:28:25.548"></status>
</kw>
<msg timestamp="20201126 06:28:25.550" level="FAIL">ElementNotInteractableException: Message: element not interactable
  (Session info: chrome=86.0.4240.198)
</msg>
<status status="FAIL" starttime="20201126 06:28:17.485" endtime="20201126 06:28:25.550"></status>
</kw>
<status status="PASS" starttime="20201126 06:28:17.485" endtime="20201126 06:28:25.550"></status>
</kw>
<kw name="Sleep" library="BuiltIn">
<doc>Pauses the test executed for the given time.</doc>
<arguments>
<arg>1s</arg>
</arguments>
<msg timestamp="20201126 06:28:26.551" level="INFO">Slept 1 second</msg>
<status status="PASS" starttime="20201126 06:28:25.550" endtime="20201126 06:28:26.551"></status>
</kw>
<status status="PASS" starttime="20201126 06:28:08.449" endtime="20201126 06:28:26.551"></status>
</kw>
<kw name="Reload Page" library="Selenium2Library">
<doc>Simulates user reloading page.</doc>
<status status="PASS" starttime="20201126 06:28:26.551" endtime="20201126 06:28:27.409"></status>
</kw>
<status status="PASS" starttime="20201126 06:28:08.449" endtime="20201126 06:28:27.409"></status>
</kw>
<kw name="${INDEX} = 7" type="foritem">
<kw name="input Cost" library="Keywords">
<arguments>
<arg>${INDEX}</arg>
<arg>@{HZ_LO_EDIT_08_valid}</arg>
</arguments>
<kw name="Sleep" library="BuiltIn">
<doc>Pauses the test executed for the given time.</doc>
<arguments>
<arg>3s</arg>
</arguments>
<msg timestamp="20201126 06:28:30.411" level="INFO">Slept 3 seconds</msg>
<status status="PASS" starttime="20201126 06:28:27.410" endtime="20201126 06:28:30.411"></status>
</kw>
<kw name="Page Should Contain Element" library="Selenium2Library">
<doc>Verifies that element ``locator`` is found on the current page.</doc>
<arguments>
<arg>//*[@id="cost"]</arg>
</arguments>
<msg timestamp="20201126 06:28:30.824" level="INFO">Current page contains element '//*[@id="cost"]'.</msg>
<status status="PASS" starttime="20201126 06:28:30.411" endtime="20201126 06:28:30.824"></status>
</kw>
<kw name="Input Text" library="Selenium2Library">
<doc>Types the given ``text`` into the text field identified by ``locator``.</doc>
<arguments>
<arg>//*[@id="cost"]</arg>
<arg>${ITEMS}[${INDEX}]</arg>
</arguments>
<msg timestamp="20201126 06:28:30.825" level="INFO">Typing text '15000' into text field '//*[@id="cost"]'.</msg>
<status status="PASS" starttime="20201126 06:28:30.824" endtime="20201126 06:28:32.170"></status>
</kw>
<kw name="Click Button" library="Selenium2Library">
<doc>Clicks the button identified by ``locator``.</doc>
<arguments>
<arg>//*[@id="app"]/div[2]/div/div/div[2]/div/div/div[2]/div[1]/div[5]/button</arg>
</arguments>
<msg timestamp="20201126 06:28:32.170" level="INFO">Clicking button '//*[@id="app"]/div[2]/div/div/div[2]/div/div/div[2]/div[1]/div[5]/button'.</msg>
<status status="PASS" starttime="20201126 06:28:32.170" endtime="20201126 06:28:34.232"></status>
</kw>
<kw name="Sleep" library="BuiltIn">
<doc>Pauses the test executed for the given time.</doc>
<arguments>
<arg>1s</arg>
</arguments>
<msg timestamp="20201126 06:28:35.232" level="INFO">Slept 1 second</msg>
<status status="PASS" starttime="20201126 06:28:34.232" endtime="20201126 06:28:35.232"></status>
</kw>
<kw name="Alert Should Be Present" library="Selenium2Library">
<doc>Verifies that an alert is present and by default, accepts it.</doc>
<arguments>
<arg>text=แก้ไขข้อมูลการให้บริการของสถานที่สำเร็จ</arg>
</arguments>
<status status="PASS" starttime="20201126 06:28:35.232" endtime="20201126 06:28:36.438"></status>
</kw>
<kw name="Run Keyword And Ignore Error" library="BuiltIn">
<doc>Runs the given keyword with the given arguments and ignores possible error.</doc>
<arguments>
<arg>Click Button</arg>
<arg>//button</arg>
</arguments>
<kw name="Click Button" library="Selenium2Library">
<doc>Clicks the button identified by ``locator``.</doc>
<arguments>
<arg>//button</arg>
</arguments>
<msg timestamp="20201126 06:28:36.438" level="INFO">Clicking button '//button'.</msg>
<kw name="Capture Page Screenshot" library="Selenium2Library">
<doc>Takes a screenshot of the current page and embeds it into a log file.</doc>
<msg timestamp="20201126 06:28:44.533" level="INFO" html="yes">&lt;/td&gt;&lt;/tr&gt;&lt;tr&gt;&lt;td colspan="3"&gt;&lt;a href="selenium-screenshot-166.png"&gt;&lt;img src="selenium-screenshot-166.png" width="800px"&gt;&lt;/a&gt;</msg>
<status status="PASS" starttime="20201126 06:28:43.807" endtime="20201126 06:28:44.533"></status>
</kw>
<msg timestamp="20201126 06:28:44.535" level="FAIL">ElementNotInteractableException: Message: element not interactable
  (Session info: chrome=86.0.4240.198)
</msg>
<status status="FAIL" starttime="20201126 06:28:36.438" endtime="20201126 06:28:44.535"></status>
</kw>
<status status="PASS" starttime="20201126 06:28:36.438" endtime="20201126 06:28:44.535"></status>
</kw>
<kw name="Sleep" library="BuiltIn">
<doc>Pauses the test executed for the given time.</doc>
<arguments>
<arg>1s</arg>
</arguments>
<msg timestamp="20201126 06:28:45.537" level="INFO">Slept 1 second</msg>
<status status="PASS" starttime="20201126 06:28:44.536" endtime="20201126 06:28:45.537"></status>
</kw>
<status status="PASS" starttime="20201126 06:28:27.409" endtime="20201126 06:28:45.537"></status>
</kw>
<kw name="Reload Page" library="Selenium2Library">
<doc>Simulates user reloading page.</doc>
<status status="PASS" starttime="20201126 06:28:45.537" endtime="20201126 06:28:46.569"></status>
</kw>
<status status="PASS" starttime="20201126 06:28:27.409" endtime="20201126 06:28:46.569"></status>
</kw>
<status status="PASS" starttime="20201126 06:26:14.443" endtime="20201126 06:28:46.569"></status>
</kw>
<kw name="Close Browser" library="Selenium2Library">
<doc>Closes the current browser.</doc>
<status status="PASS" starttime="20201126 06:28:46.569" endtime="20201126 06:28:49.011"></status>
</kw>
<status status="PASS" starttime="20201126 06:25:54.850" endtime="20201126 06:28:49.012" critical="yes"></status>
</test>
<test id="s1-t2" name="ทดสอบแก้ไขราคาในกรณีที่กรอกข้อมูล-ไม่ถูกต้อง">
<kw name="เปิดเว็บ hairzer" library="Keywords">
<kw name="Open Browser" library="Selenium2Library">
<doc>Opens a new browser instance to the optional ``url``.</doc>
<arguments>
<arg>${URL}</arg>
<arg>${browser}</arg>
</arguments>
<msg timestamp="20201126 06:28:49.019" level="INFO">Opening browser 'chrome' to base url 'http://128.199.236.172/signin'.</msg>
<status status="PASS" starttime="20201126 06:28:49.018" endtime="20201126 06:28:54.658"></status>
</kw>
<kw name="Maximize Browser Window" library="Selenium2Library">
<doc>Maximizes current browser window.</doc>
<status status="PASS" starttime="20201126 06:28:54.658" endtime="20201126 06:28:57.176"></status>
</kw>
<kw name="Set Selenium Speed" library="Selenium2Library">
<doc>Sets the delay that is waited after each Selenium command.</doc>
<arguments>
<arg>0.4</arg>
</arguments>
<status status="PASS" starttime="20201126 06:28:57.176" endtime="20201126 06:28:57.176"></status>
</kw>
<status status="PASS" starttime="20201126 06:28:49.018" endtime="20201126 06:28:57.177"></status>
</kw>
<kw name="input username" library="Keywords">
<kw name="Input Text" library="Selenium2Library">
<doc>Types the given ``text`` into the text field identified by ``locator``.</doc>
<arguments>
<arg>//*[@id="app"]/div[2]/div/div/div/div/input[1]</arg>
<arg>${username_location}</arg>
</arguments>
<msg timestamp="20201126 06:28:57.178" level="INFO">Typing text 'test_location@gmail.com' into text field '//*[@id="app"]/div[2]/div/div/div/div/input[1]'.</msg>
<status status="PASS" starttime="20201126 06:28:57.178" endtime="20201126 06:28:58.538"></status>
</kw>
<status status="PASS" starttime="20201126 06:28:57.177" endtime="20201126 06:28:58.538"></status>
</kw>
<kw name="input password" library="Keywords">
<kw name="Input Text" library="Selenium2Library">
<doc>Types the given ``text`` into the text field identified by ``locator``.</doc>
<arguments>
<arg>//*[@id="app"]/div[2]/div/div/div/div/input[2]</arg>
<arg>${password_location}</arg>
</arguments>
<msg timestamp="20201126 06:28:58.539" level="INFO">Typing text '123456789' into text field '//*[@id="app"]/div[2]/div/div/div/div/input[2]'.</msg>
<status status="PASS" starttime="20201126 06:28:58.539" endtime="20201126 06:28:59.852"></status>
</kw>
<status status="PASS" starttime="20201126 06:28:58.539" endtime="20201126 06:28:59.852"></status>
</kw>
<kw name="กดปุ่ม sign in" library="Keywords">
<kw name="Click Button" library="Selenium2Library">
<doc>Clicks the button identified by ``locator``.</doc>
<arguments>
<arg>//*[@id="app"]/div[2]/div/div/div/div/div[1]/div[2]/button</arg>
</arguments>
<msg timestamp="20201126 06:28:59.854" level="INFO">Clicking button '//*[@id="app"]/div[2]/div/div/div/div/div[1]/div[2]/button'.</msg>
<status status="PASS" starttime="20201126 06:28:59.853" endtime="20201126 06:29:01.919"></status>
</kw>
<status status="PASS" starttime="20201126 06:28:59.852" endtime="20201126 06:29:01.919"></status>
</kw>
<kw name="คลิกเมนู" library="Keywords">
<kw name="Sleep" library="BuiltIn">
<doc>Pauses the test executed for the given time.</doc>
<arguments>
<arg>5s</arg>
</arguments>
<msg timestamp="20201126 06:29:06.921" level="INFO">Slept 5 seconds</msg>
<status status="PASS" starttime="20201126 06:29:01.920" endtime="20201126 06:29:06.921"></status>
</kw>
<kw name="Page Should Contain Element" library="Selenium2Library">
<doc>Verifies that element ``locator`` is found on the current page.</doc>
<arguments>
<arg>//*[@id="navbarDropdown"]</arg>
</arguments>
<msg timestamp="20201126 06:29:07.336" level="INFO">Current page contains element '//*[@id="navbarDropdown"]'.</msg>
<status status="PASS" starttime="20201126 06:29:06.921" endtime="20201126 06:29:07.336"></status>
</kw>
<kw name="Click Element" library="Selenium2Library">
<doc>Click the element identified by ``locator``.</doc>
<arguments>
<arg>//*[@id="navbarDropdown"]</arg>
</arguments>
<msg timestamp="20201126 06:29:07.336" level="INFO">Clicking element '//*[@id="navbarDropdown"]'.</msg>
<status status="PASS" starttime="20201126 06:29:07.336" endtime="20201126 06:29:08.180"></status>
</kw>
<kw name="Page Should Contain Element" library="Selenium2Library">
<doc>Verifies that element ``locator`` is found on the current page.</doc>
<arguments>
<arg>//*[@id="navbarSupportedContent"]/ul[2]/li/div/a[2]</arg>
</arguments>
<msg timestamp="20201126 06:29:08.590" level="INFO">Current page contains element '//*[@id="navbarSupportedContent"]/ul[2]/li/div/a[2]'.</msg>
<status status="PASS" starttime="20201126 06:29:08.180" endtime="20201126 06:29:08.590"></status>
</kw>
<kw name="Click Element" library="Selenium2Library">
<doc>Click the element identified by ``locator``.</doc>
<arguments>
<arg>//*[@id="navbarSupportedContent"]/ul[2]/li/div/a[2]</arg>
</arguments>
<msg timestamp="20201126 06:29:08.590" level="INFO">Clicking element '//*[@id="navbarSupportedContent"]/ul[2]/li/div/a[2]'.</msg>
<status status="PASS" starttime="20201126 06:29:08.590" endtime="20201126 06:29:09.439"></status>
</kw>
<status status="PASS" starttime="20201126 06:29:01.919" endtime="20201126 06:29:09.439"></status>
</kw>
<kw name="${INDEX} IN RANGE [ 15 ]" type="for">
<kw name="${INDEX} = 0" type="foritem">
<kw name="input Cost" library="Keywords">
<arguments>
<arg>${INDEX}</arg>
<arg>@{HZ_LO_EDIT_08_invalid}</arg>
</arguments>
<kw name="Sleep" library="BuiltIn">
<doc>Pauses the test executed for the given time.</doc>
<arguments>
<arg>3s</arg>
</arguments>
<msg timestamp="20201126 06:29:12.442" level="INFO">Slept 3 seconds</msg>
<status status="PASS" starttime="20201126 06:29:09.441" endtime="20201126 06:29:12.442"></status>
</kw>
<kw name="Page Should Contain Element" library="Selenium2Library">
<doc>Verifies that element ``locator`` is found on the current page.</doc>
<arguments>
<arg>//*[@id="cost"]</arg>
</arguments>
<msg timestamp="20201126 06:29:12.856" level="INFO">Current page contains element '//*[@id="cost"]'.</msg>
<status status="PASS" starttime="20201126 06:29:12.442" endtime="20201126 06:29:12.856"></status>
</kw>
<kw name="Input Text" library="Selenium2Library">
<doc>Types the given ``text`` into the text field identified by ``locator``.</doc>
<arguments>
<arg>//*[@id="cost"]</arg>
<arg>${ITEMS}[${INDEX}]</arg>
</arguments>
<msg timestamp="20201126 06:29:12.857" level="INFO">Typing text '99' into text field '//*[@id="cost"]'.</msg>
<status status="PASS" starttime="20201126 06:29:12.856" endtime="20201126 06:29:14.174"></status>
</kw>
<kw name="Click Button" library="Selenium2Library">
<doc>Clicks the button identified by ``locator``.</doc>
<arguments>
<arg>//*[@id="app"]/div[2]/div/div/div[2]/div/div/div[2]/div[1]/div[5]/button</arg>
</arguments>
<msg timestamp="20201126 06:29:14.174" level="INFO">Clicking button '//*[@id="app"]/div[2]/div/div/div[2]/div/div/div[2]/div[1]/div[5]/button'.</msg>
<status status="PASS" starttime="20201126 06:29:14.174" endtime="20201126 06:29:16.237"></status>
</kw>
<kw name="Sleep" library="BuiltIn">
<doc>Pauses the test executed for the given time.</doc>
<arguments>
<arg>1s</arg>
</arguments>
<msg timestamp="20201126 06:29:17.238" level="INFO">Slept 1 second</msg>
<status status="PASS" starttime="20201126 06:29:16.237" endtime="20201126 06:29:17.238"></status>
</kw>
<kw name="Alert Should Be Present" library="Selenium2Library">
<doc>Verifies that an alert is present and by default, accepts it.</doc>
<arguments>
<arg>text=แก้ไขข้อมูลการให้บริการของสถานที่สำเร็จ</arg>
</arguments>
<status status="PASS" starttime="20201126 06:29:17.238" endtime="20201126 06:29:18.444"></status>
</kw>
<kw name="Run Keyword And Ignore Error" library="BuiltIn">
<doc>Runs the given keyword with the given arguments and ignores possible error.</doc>
<arguments>
<arg>Click Button</arg>
<arg>//button</arg>
</arguments>
<kw name="Click Button" library="Selenium2Library">
<doc>Clicks the button identified by ``locator``.</doc>
<arguments>
<arg>//button</arg>
</arguments>
<msg timestamp="20201126 06:29:18.445" level="INFO">Clicking button '//button'.</msg>
<kw name="Capture Page Screenshot" library="Selenium2Library">
<doc>Takes a screenshot of the current page and embeds it into a log file.</doc>
<msg timestamp="20201126 06:29:26.599" level="INFO" html="yes">&lt;/td&gt;&lt;/tr&gt;&lt;tr&gt;&lt;td colspan="3"&gt;&lt;a href="selenium-screenshot-167.png"&gt;&lt;img src="selenium-screenshot-167.png" width="800px"&gt;&lt;/a&gt;</msg>
<status status="PASS" starttime="20201126 06:29:25.869" endtime="20201126 06:29:26.599"></status>
</kw>
<msg timestamp="20201126 06:29:26.601" level="FAIL">ElementNotInteractableException: Message: element not interactable
  (Session info: chrome=86.0.4240.198)
</msg>
<status status="FAIL" starttime="20201126 06:29:18.444" endtime="20201126 06:29:26.601"></status>
</kw>
<status status="PASS" starttime="20201126 06:29:18.444" endtime="20201126 06:29:26.601"></status>
</kw>
<kw name="Sleep" library="BuiltIn">
<doc>Pauses the test executed for the given time.</doc>
<arguments>
<arg>1s</arg>
</arguments>
<msg timestamp="20201126 06:29:27.602" level="INFO">Slept 1 second</msg>
<status status="PASS" starttime="20201126 06:29:26.601" endtime="20201126 06:29:27.602"></status>
</kw>
<status status="PASS" starttime="20201126 06:29:09.440" endtime="20201126 06:29:27.602"></status>
</kw>
<kw name="Reload Page" library="Selenium2Library">
<doc>Simulates user reloading page.</doc>
<status status="PASS" starttime="20201126 06:29:27.602" endtime="20201126 06:29:28.474"></status>
</kw>
<status status="PASS" starttime="20201126 06:29:09.440" endtime="20201126 06:29:28.474"></status>
</kw>
<kw name="${INDEX} = 1" type="foritem">
<kw name="input Cost" library="Keywords">
<arguments>
<arg>${INDEX}</arg>
<arg>@{HZ_LO_EDIT_08_invalid}</arg>
</arguments>
<kw name="Sleep" library="BuiltIn">
<doc>Pauses the test executed for the given time.</doc>
<arguments>
<arg>3s</arg>
</arguments>
<msg timestamp="20201126 06:29:31.476" level="INFO">Slept 3 seconds</msg>
<status status="PASS" starttime="20201126 06:29:28.475" endtime="20201126 06:29:31.476"></status>
</kw>
<kw name="Page Should Contain Element" library="Selenium2Library">
<doc>Verifies that element ``locator`` is found on the current page.</doc>
<arguments>
<arg>//*[@id="cost"]</arg>
</arguments>
<msg timestamp="20201126 06:29:31.888" level="INFO">Current page contains element '//*[@id="cost"]'.</msg>
<status status="PASS" starttime="20201126 06:29:31.476" endtime="20201126 06:29:31.888"></status>
</kw>
<kw name="Input Text" library="Selenium2Library">
<doc>Types the given ``text`` into the text field identified by ``locator``.</doc>
<arguments>
<arg>//*[@id="cost"]</arg>
<arg>${ITEMS}[${INDEX}]</arg>
</arguments>
<msg timestamp="20201126 06:29:31.888" level="INFO">Typing text '15001' into text field '//*[@id="cost"]'.</msg>
<status status="PASS" starttime="20201126 06:29:31.888" endtime="20201126 06:29:33.234"></status>
</kw>
<kw name="Click Button" library="Selenium2Library">
<doc>Clicks the button identified by ``locator``.</doc>
<arguments>
<arg>//*[@id="app"]/div[2]/div/div/div[2]/div/div/div[2]/div[1]/div[5]/button</arg>
</arguments>
<msg timestamp="20201126 06:29:33.234" level="INFO">Clicking button '//*[@id="app"]/div[2]/div/div/div[2]/div/div/div[2]/div[1]/div[5]/button'.</msg>
<status status="PASS" starttime="20201126 06:29:33.234" endtime="20201126 06:29:35.298"></status>
</kw>
<kw name="Sleep" library="BuiltIn">
<doc>Pauses the test executed for the given time.</doc>
<arguments>
<arg>1s</arg>
</arguments>
<msg timestamp="20201126 06:29:36.299" level="INFO">Slept 1 second</msg>
<status status="PASS" starttime="20201126 06:29:35.298" endtime="20201126 06:29:36.299"></status>
</kw>
<kw name="Alert Should Be Present" library="Selenium2Library">
<doc>Verifies that an alert is present and by default, accepts it.</doc>
<arguments>
<arg>text=แก้ไขข้อมูลการให้บริการของสถานที่สำเร็จ</arg>
</arguments>
<status status="PASS" starttime="20201126 06:29:36.299" endtime="20201126 06:29:37.505"></status>
</kw>
<kw name="Run Keyword And Ignore Error" library="BuiltIn">
<doc>Runs the given keyword with the given arguments and ignores possible error.</doc>
<arguments>
<arg>Click Button</arg>
<arg>//button</arg>
</arguments>
<kw name="Click Button" library="Selenium2Library">
<doc>Clicks the button identified by ``locator``.</doc>
<arguments>
<arg>//button</arg>
</arguments>
<msg timestamp="20201126 06:29:37.505" level="INFO">Clicking button '//button'.</msg>
<kw name="Capture Page Screenshot" library="Selenium2Library">
<doc>Takes a screenshot of the current page and embeds it into a log file.</doc>
<msg timestamp="20201126 06:29:45.599" level="INFO" html="yes">&lt;/td&gt;&lt;/tr&gt;&lt;tr&gt;&lt;td colspan="3"&gt;&lt;a href="selenium-screenshot-168.png"&gt;&lt;img src="selenium-screenshot-168.png" width="800px"&gt;&lt;/a&gt;</msg>
<status status="PASS" starttime="20201126 06:29:44.870" endtime="20201126 06:29:45.600"></status>
</kw>
<msg timestamp="20201126 06:29:45.601" level="FAIL">ElementNotInteractableException: Message: element not interactable
  (Session info: chrome=86.0.4240.198)
</msg>
<status status="FAIL" starttime="20201126 06:29:37.505" endtime="20201126 06:29:45.601"></status>
</kw>
<status status="PASS" starttime="20201126 06:29:37.505" endtime="20201126 06:29:45.601"></status>
</kw>
<kw name="Sleep" library="BuiltIn">
<doc>Pauses the test executed for the given time.</doc>
<arguments>
<arg>1s</arg>
</arguments>
<msg timestamp="20201126 06:29:46.603" level="INFO">Slept 1 second</msg>
<status status="PASS" starttime="20201126 06:29:45.602" endtime="20201126 06:29:46.603"></status>
</kw>
<status status="PASS" starttime="20201126 06:29:28.474" endtime="20201126 06:29:46.603"></status>
</kw>
<kw name="Reload Page" library="Selenium2Library">
<doc>Simulates user reloading page.</doc>
<status status="PASS" starttime="20201126 06:29:46.603" endtime="20201126 06:29:47.475"></status>
</kw>
<status status="PASS" starttime="20201126 06:29:28.474" endtime="20201126 06:29:47.475"></status>
</kw>
<kw name="${INDEX} = 2" type="foritem">
<kw name="input Cost" library="Keywords">
<arguments>
<arg>${INDEX}</arg>
<arg>@{HZ_LO_EDIT_08_invalid}</arg>
</arguments>
<kw name="Sleep" library="BuiltIn">
<doc>Pauses the test executed for the given time.</doc>
<arguments>
<arg>3s</arg>
</arguments>
<msg timestamp="20201126 06:29:50.477" level="INFO">Slept 3 seconds</msg>
<status status="PASS" starttime="20201126 06:29:47.476" endtime="20201126 06:29:50.477"></status>
</kw>
<kw name="Page Should Contain Element" library="Selenium2Library">
<doc>Verifies that element ``locator`` is found on the current page.</doc>
<arguments>
<arg>//*[@id="cost"]</arg>
</arguments>
<msg timestamp="20201126 06:29:50.888" level="INFO">Current page contains element '//*[@id="cost"]'.</msg>
<status status="PASS" starttime="20201126 06:29:50.477" endtime="20201126 06:29:50.888"></status>
</kw>
<kw name="Input Text" library="Selenium2Library">
<doc>Types the given ``text`` into the text field identified by ``locator``.</doc>
<arguments>
<arg>//*[@id="cost"]</arg>
<arg>${ITEMS}[${INDEX}]</arg>
</arguments>
<msg timestamp="20201126 06:29:50.888" level="INFO">Typing text '1XX' into text field '//*[@id="cost"]'.</msg>
<status status="PASS" starttime="20201126 06:29:50.888" endtime="20201126 06:29:52.219"></status>
</kw>
<kw name="Click Button" library="Selenium2Library">
<doc>Clicks the button identified by ``locator``.</doc>
<arguments>
<arg>//*[@id="app"]/div[2]/div/div/div[2]/div/div/div[2]/div[1]/div[5]/button</arg>
</arguments>
<msg timestamp="20201126 06:29:52.219" level="INFO">Clicking button '//*[@id="app"]/div[2]/div/div/div[2]/div/div/div[2]/div[1]/div[5]/button'.</msg>
<status status="PASS" starttime="20201126 06:29:52.219" endtime="20201126 06:29:54.284"></status>
</kw>
<kw name="Sleep" library="BuiltIn">
<doc>Pauses the test executed for the given time.</doc>
<arguments>
<arg>1s</arg>
</arguments>
<msg timestamp="20201126 06:29:55.285" level="INFO">Slept 1 second</msg>
<status status="PASS" starttime="20201126 06:29:54.284" endtime="20201126 06:29:55.285"></status>
</kw>
<kw name="Alert Should Be Present" library="Selenium2Library">
<doc>Verifies that an alert is present and by default, accepts it.</doc>
<arguments>
<arg>text=แก้ไขข้อมูลการให้บริการของสถานที่สำเร็จ</arg>
</arguments>
<status status="PASS" starttime="20201126 06:29:55.285" endtime="20201126 06:29:56.492"></status>
</kw>
<kw name="Run Keyword And Ignore Error" library="BuiltIn">
<doc>Runs the given keyword with the given arguments and ignores possible error.</doc>
<arguments>
<arg>Click Button</arg>
<arg>//button</arg>
</arguments>
<kw name="Click Button" library="Selenium2Library">
<doc>Clicks the button identified by ``locator``.</doc>
<arguments>
<arg>//button</arg>
</arguments>
<msg timestamp="20201126 06:29:56.493" level="INFO">Clicking button '//button'.</msg>
<kw name="Capture Page Screenshot" library="Selenium2Library">
<doc>Takes a screenshot of the current page and embeds it into a log file.</doc>
<msg timestamp="20201126 06:30:04.551" level="INFO" html="yes">&lt;/td&gt;&lt;/tr&gt;&lt;tr&gt;&lt;td colspan="3"&gt;&lt;a href="selenium-screenshot-169.png"&gt;&lt;img src="selenium-screenshot-169.png" width="800px"&gt;&lt;/a&gt;</msg>
<status status="PASS" starttime="20201126 06:30:03.830" endtime="20201126 06:30:04.551"></status>
</kw>
<msg timestamp="20201126 06:30:04.553" level="FAIL">ElementNotInteractableException: Message: element not interactable
  (Session info: chrome=86.0.4240.198)
</msg>
<status status="FAIL" starttime="20201126 06:29:56.493" endtime="20201126 06:30:04.553"></status>
</kw>
<status status="PASS" starttime="20201126 06:29:56.492" endtime="20201126 06:30:04.553"></status>
</kw>
<kw name="Sleep" library="BuiltIn">
<doc>Pauses the test executed for the given time.</doc>
<arguments>
<arg>1s</arg>
</arguments>
<msg timestamp="20201126 06:30:05.554" level="INFO">Slept 1 second</msg>
<status status="PASS" starttime="20201126 06:30:04.553" endtime="20201126 06:30:05.554"></status>
</kw>
<status status="PASS" starttime="20201126 06:29:47.475" endtime="20201126 06:30:05.554"></status>
</kw>
<kw name="Reload Page" library="Selenium2Library">
<doc>Simulates user reloading page.</doc>
<status status="PASS" starttime="20201126 06:30:05.554" endtime="20201126 06:30:06.434"></status>
</kw>
<status status="PASS" starttime="20201126 06:29:47.475" endtime="20201126 06:30:06.434"></status>
</kw>
<kw name="${INDEX} = 3" type="foritem">
<kw name="input Cost" library="Keywords">
<arguments>
<arg>${INDEX}</arg>
<arg>@{HZ_LO_EDIT_08_invalid}</arg>
</arguments>
<kw name="Sleep" library="BuiltIn">
<doc>Pauses the test executed for the given time.</doc>
<arguments>
<arg>3s</arg>
</arguments>
<msg timestamp="20201126 06:30:09.437" level="INFO">Slept 3 seconds</msg>
<status status="PASS" starttime="20201126 06:30:06.435" endtime="20201126 06:30:09.437"></status>
</kw>
<kw name="Page Should Contain Element" library="Selenium2Library">
<doc>Verifies that element ``locator`` is found on the current page.</doc>
<arguments>
<arg>//*[@id="cost"]</arg>
</arguments>
<msg timestamp="20201126 06:30:09.851" level="INFO">Current page contains element '//*[@id="cost"]'.</msg>
<status status="PASS" starttime="20201126 06:30:09.437" endtime="20201126 06:30:09.851"></status>
</kw>
<kw name="Input Text" library="Selenium2Library">
<doc>Types the given ``text`` into the text field identified by ``locator``.</doc>
<arguments>
<arg>//*[@id="cost"]</arg>
<arg>${ITEMS}[${INDEX}]</arg>
</arguments>
<msg timestamp="20201126 06:30:09.851" level="INFO">Typing text '10+25' into text field '//*[@id="cost"]'.</msg>
<status status="PASS" starttime="20201126 06:30:09.851" endtime="20201126 06:30:11.203"></status>
</kw>
<kw name="Click Button" library="Selenium2Library">
<doc>Clicks the button identified by ``locator``.</doc>
<arguments>
<arg>//*[@id="app"]/div[2]/div/div/div[2]/div/div/div[2]/div[1]/div[5]/button</arg>
</arguments>
<msg timestamp="20201126 06:30:11.203" level="INFO">Clicking button '//*[@id="app"]/div[2]/div/div/div[2]/div/div/div[2]/div[1]/div[5]/button'.</msg>
<status status="PASS" starttime="20201126 06:30:11.203" endtime="20201126 06:30:13.266"></status>
</kw>
<kw name="Sleep" library="BuiltIn">
<doc>Pauses the test executed for the given time.</doc>
<arguments>
<arg>1s</arg>
</arguments>
<msg timestamp="20201126 06:30:14.268" level="INFO">Slept 1 second</msg>
<status status="PASS" starttime="20201126 06:30:13.266" endtime="20201126 06:30:14.268"></status>
</kw>
<kw name="Alert Should Be Present" library="Selenium2Library">
<doc>Verifies that an alert is present and by default, accepts it.</doc>
<arguments>
<arg>text=แก้ไขข้อมูลการให้บริการของสถานที่สำเร็จ</arg>
</arguments>
<status status="PASS" starttime="20201126 06:30:14.268" endtime="20201126 06:30:15.474"></status>
</kw>
<kw name="Run Keyword And Ignore Error" library="BuiltIn">
<doc>Runs the given keyword with the given arguments and ignores possible error.</doc>
<arguments>
<arg>Click Button</arg>
<arg>//button</arg>
</arguments>
<kw name="Click Button" library="Selenium2Library">
<doc>Clicks the button identified by ``locator``.</doc>
<arguments>
<arg>//button</arg>
</arguments>
<msg timestamp="20201126 06:30:15.475" level="INFO">Clicking button '//button'.</msg>
<kw name="Capture Page Screenshot" library="Selenium2Library">
<doc>Takes a screenshot of the current page and embeds it into a log file.</doc>
<msg timestamp="20201126 06:30:23.523" level="INFO" html="yes">&lt;/td&gt;&lt;/tr&gt;&lt;tr&gt;&lt;td colspan="3"&gt;&lt;a href="selenium-screenshot-170.png"&gt;&lt;img src="selenium-screenshot-170.png" width="800px"&gt;&lt;/a&gt;</msg>
<status status="PASS" starttime="20201126 06:30:22.793" endtime="20201126 06:30:23.523"></status>
</kw>
<msg timestamp="20201126 06:30:23.525" level="FAIL">ElementNotInteractableException: Message: element not interactable
  (Session info: chrome=86.0.4240.198)
</msg>
<status status="FAIL" starttime="20201126 06:30:15.475" endtime="20201126 06:30:23.525"></status>
</kw>
<status status="PASS" starttime="20201126 06:30:15.474" endtime="20201126 06:30:23.525"></status>
</kw>
<kw name="Sleep" library="BuiltIn">
<doc>Pauses the test executed for the given time.</doc>
<arguments>
<arg>1s</arg>
</arguments>
<msg timestamp="20201126 06:30:24.526" level="INFO">Slept 1 second</msg>
<status status="PASS" starttime="20201126 06:30:23.525" endtime="20201126 06:30:24.526"></status>
</kw>
<status status="PASS" starttime="20201126 06:30:06.434" endtime="20201126 06:30:24.526"></status>
</kw>
<kw name="Reload Page" library="Selenium2Library">
<doc>Simulates user reloading page.</doc>
<status status="PASS" starttime="20201126 06:30:24.526" endtime="20201126 06:30:25.434"></status>
</kw>
<status status="PASS" starttime="20201126 06:30:06.434" endtime="20201126 06:30:25.434"></status>
</kw>
<kw name="${INDEX} = 4" type="foritem">
<kw name="input Cost" library="Keywords">
<arguments>
<arg>${INDEX}</arg>
<arg>@{HZ_LO_EDIT_08_invalid}</arg>
</arguments>
<kw name="Sleep" library="BuiltIn">
<doc>Pauses the test executed for the given time.</doc>
<arguments>
<arg>3s</arg>
</arguments>
<msg timestamp="20201126 06:30:28.436" level="INFO">Slept 3 seconds</msg>
<status status="PASS" starttime="20201126 06:30:25.435" endtime="20201126 06:30:28.436"></status>
</kw>
<kw name="Page Should Contain Element" library="Selenium2Library">
<doc>Verifies that element ``locator`` is found on the current page.</doc>
<arguments>
<arg>//*[@id="cost"]</arg>
</arguments>
<msg timestamp="20201126 06:30:28.850" level="INFO">Current page contains element '//*[@id="cost"]'.</msg>
<status status="PASS" starttime="20201126 06:30:28.436" endtime="20201126 06:30:28.850"></status>
</kw>
<kw name="Input Text" library="Selenium2Library">
<doc>Types the given ``text`` into the text field identified by ``locator``.</doc>
<arguments>
<arg>//*[@id="cost"]</arg>
<arg>${ITEMS}[${INDEX}]</arg>
</arguments>
<msg timestamp="20201126 06:30:28.850" level="INFO">Typing text '-512' into text field '//*[@id="cost"]'.</msg>
<status status="PASS" starttime="20201126 06:30:28.850" endtime="20201126 06:30:30.199"></status>
</kw>
<kw name="Click Button" library="Selenium2Library">
<doc>Clicks the button identified by ``locator``.</doc>
<arguments>
<arg>//*[@id="app"]/div[2]/div/div/div[2]/div/div/div[2]/div[1]/div[5]/button</arg>
</arguments>
<msg timestamp="20201126 06:30:30.199" level="INFO">Clicking button '//*[@id="app"]/div[2]/div/div/div[2]/div/div/div[2]/div[1]/div[5]/button'.</msg>
<status status="PASS" starttime="20201126 06:30:30.199" endtime="20201126 06:30:32.261"></status>
</kw>
<kw name="Sleep" library="BuiltIn">
<doc>Pauses the test executed for the given time.</doc>
<arguments>
<arg>1s</arg>
</arguments>
<msg timestamp="20201126 06:30:33.262" level="INFO">Slept 1 second</msg>
<status status="PASS" starttime="20201126 06:30:32.261" endtime="20201126 06:30:33.262"></status>
</kw>
<kw name="Alert Should Be Present" library="Selenium2Library">
<doc>Verifies that an alert is present and by default, accepts it.</doc>
<arguments>
<arg>text=แก้ไขข้อมูลการให้บริการของสถานที่สำเร็จ</arg>
</arguments>
<status status="PASS" starttime="20201126 06:30:33.262" endtime="20201126 06:30:34.468"></status>
</kw>
<kw name="Run Keyword And Ignore Error" library="BuiltIn">
<doc>Runs the given keyword with the given arguments and ignores possible error.</doc>
<arguments>
<arg>Click Button</arg>
<arg>//button</arg>
</arguments>
<kw name="Click Button" library="Selenium2Library">
<doc>Clicks the button identified by ``locator``.</doc>
<arguments>
<arg>//button</arg>
</arguments>
<msg timestamp="20201126 06:30:34.469" level="INFO">Clicking button '//button'.</msg>
<kw name="Capture Page Screenshot" library="Selenium2Library">
<doc>Takes a screenshot of the current page and embeds it into a log file.</doc>
<msg timestamp="20201126 06:30:42.573" level="INFO" html="yes">&lt;/td&gt;&lt;/tr&gt;&lt;tr&gt;&lt;td colspan="3"&gt;&lt;a href="selenium-screenshot-171.png"&gt;&lt;img src="selenium-screenshot-171.png" width="800px"&gt;&lt;/a&gt;</msg>
<status status="PASS" starttime="20201126 06:30:41.839" endtime="20201126 06:30:42.574"></status>
</kw>
<msg timestamp="20201126 06:30:42.575" level="FAIL">ElementNotInteractableException: Message: element not interactable
  (Session info: chrome=86.0.4240.198)
</msg>
<status status="FAIL" starttime="20201126 06:30:34.468" endtime="20201126 06:30:42.576"></status>
</kw>
<status status="PASS" starttime="20201126 06:30:34.468" endtime="20201126 06:30:42.576"></status>
</kw>
<kw name="Sleep" library="BuiltIn">
<doc>Pauses the test executed for the given time.</doc>
<arguments>
<arg>1s</arg>
</arguments>
<msg timestamp="20201126 06:30:43.578" level="INFO">Slept 1 second</msg>
<status status="PASS" starttime="20201126 06:30:42.576" endtime="20201126 06:30:43.578"></status>
</kw>
<status status="PASS" starttime="20201126 06:30:25.434" endtime="20201126 06:30:43.578"></status>
</kw>
<kw name="Reload Page" library="Selenium2Library">
<doc>Simulates user reloading page.</doc>
<status status="PASS" starttime="20201126 06:30:43.578" endtime="20201126 06:30:44.483"></status>
</kw>
<status status="PASS" starttime="20201126 06:30:25.434" endtime="20201126 06:30:44.483"></status>
</kw>
<kw name="${INDEX} = 5" type="foritem">
<kw name="input Cost" library="Keywords">
<arguments>
<arg>${INDEX}</arg>
<arg>@{HZ_LO_EDIT_08_invalid}</arg>
</arguments>
<kw name="Sleep" library="BuiltIn">
<doc>Pauses the test executed for the given time.</doc>
<arguments>
<arg>3s</arg>
</arguments>
<msg timestamp="20201126 06:30:47.484" level="INFO">Slept 3 seconds</msg>
<status status="PASS" starttime="20201126 06:30:44.484" endtime="20201126 06:30:47.484"></status>
</kw>
<kw name="Page Should Contain Element" library="Selenium2Library">
<doc>Verifies that element ``locator`` is found on the current page.</doc>
<arguments>
<arg>//*[@id="cost"]</arg>
</arguments>
<msg timestamp="20201126 06:30:47.897" level="INFO">Current page contains element '//*[@id="cost"]'.</msg>
<status status="PASS" starttime="20201126 06:30:47.484" endtime="20201126 06:30:47.897"></status>
</kw>
<kw name="Input Text" library="Selenium2Library">
<doc>Types the given ``text`` into the text field identified by ``locator``.</doc>
<arguments>
<arg>//*[@id="cost"]</arg>
<arg>${ITEMS}[${INDEX}]</arg>
</arguments>
<msg timestamp="20201126 06:30:47.898" level="INFO">Typing text '10.25' into text field '//*[@id="cost"]'.</msg>
<status status="PASS" starttime="20201126 06:30:47.897" endtime="20201126 06:30:49.244"></status>
</kw>
<kw name="Click Button" library="Selenium2Library">
<doc>Clicks the button identified by ``locator``.</doc>
<arguments>
<arg>//*[@id="app"]/div[2]/div/div/div[2]/div/div/div[2]/div[1]/div[5]/button</arg>
</arguments>
<msg timestamp="20201126 06:30:49.244" level="INFO">Clicking button '//*[@id="app"]/div[2]/div/div/div[2]/div/div/div[2]/div[1]/div[5]/button'.</msg>
<status status="PASS" starttime="20201126 06:30:49.244" endtime="20201126 06:30:51.306"></status>
</kw>
<kw name="Sleep" library="BuiltIn">
<doc>Pauses the test executed for the given time.</doc>
<arguments>
<arg>1s</arg>
</arguments>
<msg timestamp="20201126 06:30:52.308" level="INFO">Slept 1 second</msg>
<status status="PASS" starttime="20201126 06:30:51.306" endtime="20201126 06:30:52.308"></status>
</kw>
<kw name="Alert Should Be Present" library="Selenium2Library">
<doc>Verifies that an alert is present and by default, accepts it.</doc>
<arguments>
<arg>text=แก้ไขข้อมูลการให้บริการของสถานที่สำเร็จ</arg>
</arguments>
<status status="PASS" starttime="20201126 06:30:52.308" endtime="20201126 06:30:53.515"></status>
</kw>
<kw name="Run Keyword And Ignore Error" library="BuiltIn">
<doc>Runs the given keyword with the given arguments and ignores possible error.</doc>
<arguments>
<arg>Click Button</arg>
<arg>//button</arg>
</arguments>
<kw name="Click Button" library="Selenium2Library">
<doc>Clicks the button identified by ``locator``.</doc>
<arguments>
<arg>//button</arg>
</arguments>
<msg timestamp="20201126 06:30:53.516" level="INFO">Clicking button '//button'.</msg>
<kw name="Capture Page Screenshot" library="Selenium2Library">
<doc>Takes a screenshot of the current page and embeds it into a log file.</doc>
<msg timestamp="20201126 06:31:01.608" level="INFO" html="yes">&lt;/td&gt;&lt;/tr&gt;&lt;tr&gt;&lt;td colspan="3"&gt;&lt;a href="selenium-screenshot-172.png"&gt;&lt;img src="selenium-screenshot-172.png" width="800px"&gt;&lt;/a&gt;</msg>
<status status="PASS" starttime="20201126 06:31:00.886" endtime="20201126 06:31:01.609"></status>
</kw>
<msg timestamp="20201126 06:31:01.610" level="FAIL">ElementNotInteractableException: Message: element not interactable
  (Session info: chrome=86.0.4240.198)
</msg>
<status status="FAIL" starttime="20201126 06:30:53.516" endtime="20201126 06:31:01.610"></status>
</kw>
<status status="PASS" starttime="20201126 06:30:53.515" endtime="20201126 06:31:01.610"></status>
</kw>
<kw name="Sleep" library="BuiltIn">
<doc>Pauses the test executed for the given time.</doc>
<arguments>
<arg>1s</arg>
</arguments>
<msg timestamp="20201126 06:31:02.611" level="INFO">Slept 1 second</msg>
<status status="PASS" starttime="20201126 06:31:01.610" endtime="20201126 06:31:02.611"></status>
</kw>
<status status="PASS" starttime="20201126 06:30:44.483" endtime="20201126 06:31:02.611"></status>
</kw>
<kw name="Reload Page" library="Selenium2Library">
<doc>Simulates user reloading page.</doc>
<status status="PASS" starttime="20201126 06:31:02.611" endtime="20201126 06:31:03.450"></status>
</kw>
<status status="PASS" starttime="20201126 06:30:44.483" endtime="20201126 06:31:03.450"></status>
</kw>
<kw name="${INDEX} = 6" type="foritem">
<kw name="input Cost" library="Keywords">
<arguments>
<arg>${INDEX}</arg>
<arg>@{HZ_LO_EDIT_08_invalid}</arg>
</arguments>
<kw name="Sleep" library="BuiltIn">
<doc>Pauses the test executed for the given time.</doc>
<arguments>
<arg>3s</arg>
</arguments>
<msg timestamp="20201126 06:31:06.451" level="INFO">Slept 3 seconds</msg>
<status status="PASS" starttime="20201126 06:31:03.451" endtime="20201126 06:31:06.451"></status>
</kw>
<kw name="Page Should Contain Element" library="Selenium2Library">
<doc>Verifies that element ``locator`` is found on the current page.</doc>
<arguments>
<arg>//*[@id="cost"]</arg>
</arguments>
<msg timestamp="20201126 06:31:06.865" level="INFO">Current page contains element '//*[@id="cost"]'.</msg>
<status status="PASS" starttime="20201126 06:31:06.451" endtime="20201126 06:31:06.865"></status>
</kw>
<kw name="Input Text" library="Selenium2Library">
<doc>Types the given ``text`` into the text field identified by ``locator``.</doc>
<arguments>
<arg>//*[@id="cost"]</arg>
<arg>${ITEMS}[${INDEX}]</arg>
</arguments>
<msg timestamp="20201126 06:31:06.865" level="INFO">Typing text '0.9' into text field '//*[@id="cost"]'.</msg>
<status status="PASS" starttime="20201126 06:31:06.865" endtime="20201126 06:31:08.189"></status>
</kw>
<kw name="Click Button" library="Selenium2Library">
<doc>Clicks the button identified by ``locator``.</doc>
<arguments>
<arg>//*[@id="app"]/div[2]/div/div/div[2]/div/div/div[2]/div[1]/div[5]/button</arg>
</arguments>
<msg timestamp="20201126 06:31:08.189" level="INFO">Clicking button '//*[@id="app"]/div[2]/div/div/div[2]/div/div/div[2]/div[1]/div[5]/button'.</msg>
<status status="PASS" starttime="20201126 06:31:08.189" endtime="20201126 06:31:10.254"></status>
</kw>
<kw name="Sleep" library="BuiltIn">
<doc>Pauses the test executed for the given time.</doc>
<arguments>
<arg>1s</arg>
</arguments>
<msg timestamp="20201126 06:31:11.256" level="INFO">Slept 1 second</msg>
<status status="PASS" starttime="20201126 06:31:10.254" endtime="20201126 06:31:11.256"></status>
</kw>
<kw name="Alert Should Be Present" library="Selenium2Library">
<doc>Verifies that an alert is present and by default, accepts it.</doc>
<arguments>
<arg>text=แก้ไขข้อมูลการให้บริการของสถานที่สำเร็จ</arg>
</arguments>
<status status="PASS" starttime="20201126 06:31:11.256" endtime="20201126 06:31:12.462"></status>
</kw>
<kw name="Run Keyword And Ignore Error" library="BuiltIn">
<doc>Runs the given keyword with the given arguments and ignores possible error.</doc>
<arguments>
<arg>Click Button</arg>
<arg>//button</arg>
</arguments>
<kw name="Click Button" library="Selenium2Library">
<doc>Clicks the button identified by ``locator``.</doc>
<arguments>
<arg>//button</arg>
</arguments>
<msg timestamp="20201126 06:31:12.463" level="INFO">Clicking button '//button'.</msg>
<kw name="Capture Page Screenshot" library="Selenium2Library">
<doc>Takes a screenshot of the current page and embeds it into a log file.</doc>
<msg timestamp="20201126 06:31:20.540" level="INFO" html="yes">&lt;/td&gt;&lt;/tr&gt;&lt;tr&gt;&lt;td colspan="3"&gt;&lt;a href="selenium-screenshot-173.png"&gt;&lt;img src="selenium-screenshot-173.png" width="800px"&gt;&lt;/a&gt;</msg>
<status status="PASS" starttime="20201126 06:31:19.805" endtime="20201126 06:31:20.540"></status>
</kw>
<msg timestamp="20201126 06:31:20.542" level="FAIL">ElementNotInteractableException: Message: element not interactable
  (Session info: chrome=86.0.4240.198)
</msg>
<status status="FAIL" starttime="20201126 06:31:12.462" endtime="20201126 06:31:20.542"></status>
</kw>
<status status="PASS" starttime="20201126 06:31:12.462" endtime="20201126 06:31:20.542"></status>
</kw>
<kw name="Sleep" library="BuiltIn">
<doc>Pauses the test executed for the given time.</doc>
<arguments>
<arg>1s</arg>
</arguments>
<msg timestamp="20201126 06:31:21.543" level="INFO">Slept 1 second</msg>
<status status="PASS" starttime="20201126 06:31:20.542" endtime="20201126 06:31:21.543"></status>
</kw>
<status status="PASS" starttime="20201126 06:31:03.450" endtime="20201126 06:31:21.543"></status>
</kw>
<kw name="Reload Page" library="Selenium2Library">
<doc>Simulates user reloading page.</doc>
<status status="PASS" starttime="20201126 06:31:21.543" endtime="20201126 06:31:22.384"></status>
</kw>
<status status="PASS" starttime="20201126 06:31:03.450" endtime="20201126 06:31:22.384"></status>
</kw>
<kw name="${INDEX} = 7" type="foritem">
<kw name="input Cost" library="Keywords">
<arguments>
<arg>${INDEX}</arg>
<arg>@{HZ_LO_EDIT_08_invalid}</arg>
</arguments>
<kw name="Sleep" library="BuiltIn">
<doc>Pauses the test executed for the given time.</doc>
<arguments>
<arg>3s</arg>
</arguments>
<msg timestamp="20201126 06:31:25.385" level="INFO">Slept 3 seconds</msg>
<status status="PASS" starttime="20201126 06:31:22.385" endtime="20201126 06:31:25.385"></status>
</kw>
<kw name="Page Should Contain Element" library="Selenium2Library">
<doc>Verifies that element ``locator`` is found on the current page.</doc>
<arguments>
<arg>//*[@id="cost"]</arg>
</arguments>
<msg timestamp="20201126 06:31:25.798" level="INFO">Current page contains element '//*[@id="cost"]'.</msg>
<status status="PASS" starttime="20201126 06:31:25.385" endtime="20201126 06:31:25.798"></status>
</kw>
<kw name="Input Text" library="Selenium2Library">
<doc>Types the given ``text`` into the text field identified by ``locator``.</doc>
<arguments>
<arg>//*[@id="cost"]</arg>
<arg>${ITEMS}[${INDEX}]</arg>
</arguments>
<msg timestamp="20201126 06:31:25.798" level="INFO">Typing text '8*9' into text field '//*[@id="cost"]'.</msg>
<status status="PASS" starttime="20201126 06:31:25.798" endtime="20201126 06:31:27.123"></status>
</kw>
<kw name="Click Button" library="Selenium2Library">
<doc>Clicks the button identified by ``locator``.</doc>
<arguments>
<arg>//*[@id="app"]/div[2]/div/div/div[2]/div/div/div[2]/div[1]/div[5]/button</arg>
</arguments>
<msg timestamp="20201126 06:31:27.123" level="INFO">Clicking button '//*[@id="app"]/div[2]/div/div/div[2]/div/div/div[2]/div[1]/div[5]/button'.</msg>
<status status="PASS" starttime="20201126 06:31:27.123" endtime="20201126 06:31:29.186"></status>
</kw>
<kw name="Sleep" library="BuiltIn">
<doc>Pauses the test executed for the given time.</doc>
<arguments>
<arg>1s</arg>
</arguments>
<msg timestamp="20201126 06:31:30.186" level="INFO">Slept 1 second</msg>
<status status="PASS" starttime="20201126 06:31:29.186" endtime="20201126 06:31:30.186"></status>
</kw>
<kw name="Alert Should Be Present" library="Selenium2Library">
<doc>Verifies that an alert is present and by default, accepts it.</doc>
<arguments>
<arg>text=แก้ไขข้อมูลการให้บริการของสถานที่สำเร็จ</arg>
</arguments>
[...]
<msg timestamp="20201126 06:32:36.633" level="INFO" html="yes">&lt;/td&gt;&lt;/tr&gt;&lt;tr&gt;&lt;td colspan="3"&gt;&lt;a href="selenium-screenshot-177.png"&gt;&lt;img src="selenium-screenshot-177.png" width="800px"&gt;&lt;/a&gt;</msg>
<status status="PASS" starttime="20201126 06:32:35.913" endtime="20201126 06:32:36.634"></status>
</kw>
<msg timestamp="20201126 06:32:36.635" level="FAIL">ElementNotInteractableException: Message: element not interactable
  (Session info: chrome=86.0.4240.198)
</msg>
<status status="FAIL" starttime="20201126 06:32:28.614" endtime="20201126 06:32:36.635"></status>
</kw>
<status status="PASS" starttime="20201126 06:32:28.614" endtime="20201126 06:32:36.635"></status>
</kw>
<kw name="Sleep" library="BuiltIn">
<doc>Pauses the test executed for the given time.</doc>
<arguments>
<arg>1s</arg>
</arguments>
<msg timestamp="20201126 06:32:37.637" level="INFO">Slept 1 second</msg>
<status status="PASS" starttime="20201126 06:32:36.635" endtime="20201126 06:32:37.637"></status>
</kw>
<status status="PASS" starttime="20201126 06:32:19.555" endtime="20201126 06:32:37.637"></status>
</kw>
<kw name="Reload Page" library="Selenium2Library">
<doc>Simulates user reloading page.</doc>
<status status="PASS" starttime="20201126 06:32:37.638" endtime="20201126 06:32:38.499"></status>
</kw>
<status status="PASS" starttime="20201126 06:32:19.555" endtime="20201126 06:32:38.499"></status>
</kw>
<kw name="${INDEX} = 11" type="foritem">
<kw name="input Cost" library="Keywords">
<arguments>
<arg>${INDEX}</arg>
<arg>@{HZ_LO_EDIT_08_invalid}</arg>
</arguments>
<kw name="Sleep" library="BuiltIn">
<doc>Pauses the test executed for the given time.</doc>
<arguments>
<arg>3s</arg>
</arguments>
<msg timestamp="20201126 06:32:41.501" level="INFO">Slept 3 seconds</msg>
<status status="PASS" starttime="20201126 06:32:38.500" endtime="20201126 06:32:41.501"></status>
</kw>
<kw name="Page Should Contain Element" library="Selenium2Library">
<doc>Verifies that element ``locator`` is found on the current page.</doc>
<arguments>
<arg>//*[@id="cost"]</arg>
</arguments>
<msg timestamp="20201126 06:32:41.915" level="INFO">Current page contains element '//*[@id="cost"]'.</msg>
<status status="PASS" starttime="20201126 06:32:41.502" endtime="20201126 06:32:41.915"></status>
</kw>
<kw name="Input Text" library="Selenium2Library">
<doc>Types the given ``text`` into the text field identified by ``locator``.</doc>
<arguments>
<arg>//*[@id="cost"]</arg>
<arg>${ITEMS}[${INDEX}]</arg>
</arguments>
<msg timestamp="20201126 06:32:41.915" level="INFO">Typing text '8/9' into text field '//*[@id="cost"]'.</msg>
<status status="PASS" starttime="20201126 06:32:41.915" endtime="20201126 06:32:43.240"></status>
</kw>
<kw name="Click Button" library="Selenium2Library">
<doc>Clicks the button identified by ``locator``.</doc>
<arguments>
<arg>//*[@id="app"]/div[2]/div/div/div[2]/div/div/div[2]/div[1]/div[5]/button</arg>
</arguments>
<msg timestamp="20201126 06:32:43.240" level="INFO">Clicking button '//*[@id="app"]/div[2]/div/div/div[2]/div/div/div[2]/div[1]/div[5]/button'.</msg>
<status status="PASS" starttime="20201126 06:32:43.240" endtime="20201126 06:32:45.306"></status>
</kw>
<kw name="Sleep" library="BuiltIn">
<doc>Pauses the test executed for the given time.</doc>
<arguments>
<arg>1s</arg>
</arguments>
<msg timestamp="20201126 06:32:46.307" level="INFO">Slept 1 second</msg>
<status status="PASS" starttime="20201126 06:32:45.306" endtime="20201126 06:32:46.307"></status>
</kw>
<kw name="Alert Should Be Present" library="Selenium2Library">
<doc>Verifies that an alert is present and by default, accepts it.</doc>
<arguments>
<arg>text=แก้ไขข้อมูลการให้บริการของสถานที่สำเร็จ</arg>
</arguments>
<status status="PASS" starttime="20201126 06:32:46.307" endtime="20201126 06:32:47.514"></status>
</kw>
<kw name="Run Keyword And Ignore Error" library="BuiltIn">
<doc>Runs the given keyword with the given arguments and ignores possible error.</doc>
<arguments>
<arg>Click Button</arg>
<arg>//button</arg>
</arguments>
<kw name="Click Button" library="Selenium2Library">
<doc>Clicks the button identified by ``locator``.</doc>
<arguments>
<arg>//button</arg>
</arguments>
<msg timestamp="20201126 06:32:47.515" level="INFO">Clicking button '//button'.</msg>
<kw name="Capture Page Screenshot" library="Selenium2Library">
<doc>Takes a screenshot of the current page and embeds it into a log file.</doc>
<msg timestamp="20201126 06:32:55.552" level="INFO" html="yes">&lt;/td&gt;&lt;/tr&gt;&lt;tr&gt;&lt;td colspan="3"&gt;&lt;a href="selenium-screenshot-178.png"&gt;&lt;img src="selenium-screenshot-178.png" width="800px"&gt;&lt;/a&gt;</msg>
<status status="PASS" starttime="20201126 06:32:54.831" endtime="20201126 06:32:55.553"></status>
</kw>
<msg timestamp="20201126 06:32:55.554" level="FAIL">ElementNotInteractableException: Message: element not interactable
  (Session info: chrome=86.0.4240.198)
</msg>
<status status="FAIL" starttime="20201126 06:32:47.514" endtime="20201126 06:32:55.554"></status>
</kw>
<status status="PASS" starttime="20201126 06:32:47.514" endtime="20201126 06:32:55.554"></status>
</kw>
<kw name="Sleep" library="BuiltIn">
<doc>Pauses the test executed for the given time.</doc>
<arguments>
<arg>1s</arg>
</arguments>
<msg timestamp="20201126 06:32:56.556" level="INFO">Slept 1 second</msg>
<status status="PASS" starttime="20201126 06:32:55.554" endtime="20201126 06:32:56.556"></status>
</kw>
<status status="PASS" starttime="20201126 06:32:38.499" endtime="20201126 06:32:56.556"></status>
</kw>
<kw name="Reload Page" library="Selenium2Library">
<doc>Simulates user reloading page.</doc>
<status status="PASS" starttime="20201126 06:32:56.557" endtime="20201126 06:32:57.406"></status>
</kw>
<status status="PASS" starttime="20201126 06:32:38.499" endtime="20201126 06:32:57.406"></status>
</kw>
<kw name="${INDEX} = 12" type="foritem">
<kw name="input Cost" library="Keywords">
<arguments>
<arg>${INDEX}</arg>
<arg>@{HZ_LO_EDIT_08_invalid}</arg>
</arguments>
<kw name="Sleep" library="BuiltIn">
<doc>Pauses the test executed for the given time.</doc>
<arguments>
<arg>3s</arg>
</arguments>
<msg timestamp="20201126 06:33:00.408" level="INFO">Slept 3 seconds</msg>
<status status="PASS" starttime="20201126 06:32:57.408" endtime="20201126 06:33:00.408"></status>
</kw>
<kw name="Page Should Contain Element" library="Selenium2Library">
<doc>Verifies that element ``locator`` is found on the current page.</doc>
<arguments>
<arg>//*[@id="cost"]</arg>
</arguments>
<msg timestamp="20201126 06:33:00.820" level="INFO">Current page contains element '//*[@id="cost"]'.</msg>
<status status="PASS" starttime="20201126 06:33:00.408" endtime="20201126 06:33:00.820"></status>
</kw>
<kw name="Input Text" library="Selenium2Library">
<doc>Types the given ``text`` into the text field identified by ``locator``.</doc>
<arguments>
<arg>//*[@id="cost"]</arg>
<arg>${ITEMS}[${INDEX}]</arg>
</arguments>
<msg timestamp="20201126 06:33:00.821" level="INFO">Typing text '8-9' into text field '//*[@id="cost"]'.</msg>
<status status="PASS" starttime="20201126 06:33:00.820" endtime="20201126 06:33:02.149"></status>
</kw>
<kw name="Click Button" library="Selenium2Library">
<doc>Clicks the button identified by ``locator``.</doc>
<arguments>
<arg>//*[@id="app"]/div[2]/div/div/div[2]/div/div/div[2]/div[1]/div[5]/button</arg>
</arguments>
<msg timestamp="20201126 06:33:02.149" level="INFO">Clicking button '//*[@id="app"]/div[2]/div/div/div[2]/div/div/div[2]/div[1]/div[5]/button'.</msg>
<status status="PASS" starttime="20201126 06:33:02.149" endtime="20201126 06:33:04.212"></status>
</kw>
<kw name="Sleep" library="BuiltIn">
<doc>Pauses the test executed for the given time.</doc>
<arguments>
<arg>1s</arg>
</arguments>
<msg timestamp="20201126 06:33:05.212" level="INFO">Slept 1 second</msg>
<status status="PASS" starttime="20201126 06:33:04.212" endtime="20201126 06:33:05.212"></status>
</kw>
<kw name="Alert Should Be Present" library="Selenium2Library">
<doc>Verifies that an alert is present and by default, accepts it.</doc>
<arguments>
<arg>text=แก้ไขข้อมูลการให้บริการของสถานที่สำเร็จ</arg>
</arguments>
<status status="PASS" starttime="20201126 06:33:05.212" endtime="20201126 06:33:06.419"></status>
</kw>
<kw name="Run Keyword And Ignore Error" library="BuiltIn">
<doc>Runs the given keyword with the given arguments and ignores possible error.</doc>
<arguments>
<arg>Click Button</arg>
<arg>//button</arg>
</arguments>
<kw name="Click Button" library="Selenium2Library">
<doc>Clicks the button identified by ``locator``.</doc>
<arguments>
<arg>//button</arg>
</arguments>
<msg timestamp="20201126 06:33:06.419" level="INFO">Clicking button '//button'.</msg>
<kw name="Capture Page Screenshot" library="Selenium2Library">
<doc>Takes a screenshot of the current page and embeds it into a log file.</doc>
<msg timestamp="20201126 06:33:14.487" level="INFO" html="yes">&lt;/td&gt;&lt;/tr&gt;&lt;tr&gt;&lt;td colspan="3"&gt;&lt;a href="selenium-screenshot-179.png"&gt;&lt;img src="selenium-screenshot-179.png" width="800px"&gt;&lt;/a&gt;</msg>
<status status="PASS" starttime="20201126 06:33:13.740" endtime="20201126 06:33:14.487"></status>
</kw>
<msg timestamp="20201126 06:33:14.489" level="FAIL">ElementNotInteractableException: Message: element not interactable
  (Session info: chrome=86.0.4240.198)
</msg>
<status status="FAIL" starttime="20201126 06:33:06.419" endtime="20201126 06:33:14.489"></status>
</kw>
<status status="PASS" starttime="20201126 06:33:06.419" endtime="20201126 06:33:14.489"></status>
</kw>
<kw name="Sleep" library="BuiltIn">
<doc>Pauses the test executed for the given time.</doc>
<arguments>
<arg>1s</arg>
</arguments>
<msg timestamp="20201126 06:33:15.492" level="INFO">Slept 1 second</msg>
<status status="PASS" starttime="20201126 06:33:14.489" endtime="20201126 06:33:15.492"></status>
</kw>
<status status="PASS" starttime="20201126 06:32:57.407" endtime="20201126 06:33:15.492"></status>
</kw>
<kw name="Reload Page" library="Selenium2Library">
<doc>Simulates user reloading page.</doc>
<status status="PASS" starttime="20201126 06:33:15.492" endtime="20201126 06:33:16.336"></status>
</kw>
<status status="PASS" starttime="20201126 06:32:57.406" endtime="20201126 06:33:16.336"></status>
</kw>
<kw name="${INDEX} = 13" type="foritem">
<kw name="input Cost" library="Keywords">
<arguments>
<arg>${INDEX}</arg>
<arg>@{HZ_LO_EDIT_08_invalid}</arg>
</arguments>
<kw name="Sleep" library="BuiltIn">
<doc>Pauses the test executed for the given time.</doc>
<arguments>
<arg>3s</arg>
</arguments>
<msg timestamp="20201126 06:33:19.337" level="INFO">Slept 3 seconds</msg>
<status status="PASS" starttime="20201126 06:33:16.337" endtime="20201126 06:33:19.337"></status>
</kw>
<kw name="Page Should Contain Element" library="Selenium2Library">
<doc>Verifies that element ``locator`` is found on the current page.</doc>
<arguments>
<arg>//*[@id="cost"]</arg>
</arguments>
<msg timestamp="20201126 06:33:19.748" level="INFO">Current page contains element '//*[@id="cost"]'.</msg>
<status status="PASS" starttime="20201126 06:33:19.337" endtime="20201126 06:33:19.748"></status>
</kw>
<kw name="Input Text" library="Selenium2Library">
<doc>Types the given ``text`` into the text field identified by ``locator``.</doc>
<arguments>
<arg>//*[@id="cost"]</arg>
<arg>${ITEMS}[${INDEX}]</arg>
</arguments>
<msg timestamp="20201126 06:33:19.748" level="INFO">Typing text '20-9=5' into text field '//*[@id="cost"]'.</msg>
<status status="PASS" starttime="20201126 06:33:19.748" endtime="20201126 06:33:21.107"></status>
</kw>
<kw name="Click Button" library="Selenium2Library">
<doc>Clicks the button identified by ``locator``.</doc>
<arguments>
<arg>//*[@id="app"]/div[2]/div/div/div[2]/div/div/div[2]/div[1]/div[5]/button</arg>
</arguments>
<msg timestamp="20201126 06:33:21.107" level="INFO">Clicking button '//*[@id="app"]/div[2]/div/div/div[2]/div/div/div[2]/div[1]/div[5]/button'.</msg>
<status status="PASS" starttime="20201126 06:33:21.107" endtime="20201126 06:33:23.170"></status>
</kw>
<kw name="Sleep" library="BuiltIn">
<doc>Pauses the test executed for the given time.</doc>
<arguments>
<arg>1s</arg>
</arguments>
<msg timestamp="20201126 06:33:24.170" level="INFO">Slept 1 second</msg>
<status status="PASS" starttime="20201126 06:33:23.170" endtime="20201126 06:33:24.170"></status>
</kw>
<kw name="Alert Should Be Present" library="Selenium2Library">
<doc>Verifies that an alert is present and by default, accepts it.</doc>
<arguments>
<arg>text=แก้ไขข้อมูลการให้บริการของสถานที่สำเร็จ</arg>
</arguments>
<status status="PASS" starttime="20201126 06:33:24.170" endtime="20201126 06:33:25.376"></status>
</kw>
<kw name="Run Keyword And Ignore Error" library="BuiltIn">
<doc>Runs the given keyword with the given arguments and ignores possible error.</doc>
<arguments>
<arg>Click Button</arg>
<arg>//button</arg>
</arguments>
<kw name="Click Button" library="Selenium2Library">
<doc>Clicks the button identified by ``locator``.</doc>
<arguments>
<arg>//button</arg>
</arguments>
<msg timestamp="20201126 06:33:25.377" level="INFO">Clicking button '//button'.</msg>
<kw name="Capture Page Screenshot" library="Selenium2Library">
<doc>Takes a screenshot of the current page and embeds it into a log file.</doc>
<msg timestamp="20201126 06:33:33.465" level="INFO" html="yes">&lt;/td&gt;&lt;/tr&gt;&lt;tr&gt;&lt;td colspan="3"&gt;&lt;a href="selenium-screenshot-180.png"&gt;&lt;img src="selenium-screenshot-180.png" width="800px"&gt;&lt;/a&gt;</msg>
<status status="PASS" starttime="20201126 06:33:32.722" endtime="20201126 06:33:33.466"></status>
</kw>
<msg timestamp="20201126 06:33:33.467" level="FAIL">ElementNotInteractableException: Message: element not interactable
  (Session info: chrome=86.0.4240.198)
</msg>
<status status="FAIL" starttime="20201126 06:33:25.377" endtime="20201126 06:33:33.467"></status>
</kw>
<status status="PASS" starttime="20201126 06:33:25.376" endtime="20201126 06:33:33.467"></status>
</kw>
<kw name="Sleep" library="BuiltIn">
<doc>Pauses the test executed for the given time.</doc>
<arguments>
<arg>1s</arg>
</arguments>
<msg timestamp="20201126 06:33:34.468" level="INFO">Slept 1 second</msg>
<status status="PASS" starttime="20201126 06:33:33.467" endtime="20201126 06:33:34.468"></status>
</kw>
<status status="PASS" starttime="20201126 06:33:16.336" endtime="20201126 06:33:34.469"></status>
</kw>
<kw name="Reload Page" library="Selenium2Library">
<doc>Simulates user reloading page.</doc>
<status status="PASS" starttime="20201126 06:33:34.469" endtime="20201126 06:33:35.311"></status>
</kw>
<status status="PASS" starttime="20201126 06:33:16.336" endtime="20201126 06:33:35.311"></status>
</kw>
<kw name="${INDEX} = 14" type="foritem">
<kw name="input Cost" library="Keywords">
<arguments>
<arg>${INDEX}</arg>
<arg>@{HZ_LO_EDIT_08_invalid}</arg>
</arguments>
<kw name="Sleep" library="BuiltIn">
<doc>Pauses the test executed for the given time.</doc>
<arguments>
<arg>3s</arg>
</arguments>
<msg timestamp="20201126 06:33:38.312" level="INFO">Slept 3 seconds</msg>
<status status="PASS" starttime="20201126 06:33:35.312" endtime="20201126 06:33:38.312"></status>
</kw>
<kw name="Page Should Contain Element" library="Selenium2Library">
<doc>Verifies that element ``locator`` is found on the current page.</doc>
<arguments>
<arg>//*[@id="cost"]</arg>
</arguments>
<msg timestamp="20201126 06:33:38.724" level="INFO">Current page contains element '//*[@id="cost"]'.</msg>
<status status="PASS" starttime="20201126 06:33:38.312" endtime="20201126 06:33:38.724"></status>
</kw>
<kw name="Input Text" library="Selenium2Library">
<doc>Types the given ``text`` into the text field identified by ``locator``.</doc>
<arguments>
<arg>//*[@id="cost"]</arg>
<arg>${ITEMS}[${INDEX}]</arg>
</arguments>
<msg timestamp="20201126 06:33:38.724" level="INFO">Typing text '(1112)' into text field '//*[@id="cost"]'.</msg>
<status status="PASS" starttime="20201126 06:33:38.724" endtime="20201126 06:33:40.088"></status>
</kw>
<kw name="Click Button" library="Selenium2Library">
<doc>Clicks the button identified by ``locator``.</doc>
<arguments>
<arg>//*[@id="app"]/div[2]/div/div/div[2]/div/div/div[2]/div[1]/div[5]/button</arg>
</arguments>
<msg timestamp="20201126 06:33:40.088" level="INFO">Clicking button '//*[@id="app"]/div[2]/div/div/div[2]/div/div/div[2]/div[1]/div[5]/button'.</msg>
<status status="PASS" starttime="20201126 06:33:40.088" endtime="20201126 06:33:42.151"></status>
</kw>
<kw name="Sleep" library="BuiltIn">
<doc>Pauses the test executed for the given time.</doc>
<arguments>
<arg>1s</arg>
</arguments>
<msg timestamp="20201126 06:33:43.152" level="INFO">Slept 1 second</msg>
<status status="PASS" starttime="20201126 06:33:42.151" endtime="20201126 06:33:43.152"></status>
</kw>
<kw name="Alert Should Be Present" library="Selenium2Library">
<doc>Verifies that an alert is present and by default, accepts it.</doc>
<arguments>
<arg>text=แก้ไขข้อมูลการให้บริการของสถานที่สำเร็จ</arg>
</arguments>
<status status="PASS" starttime="20201126 06:33:43.152" endtime="20201126 06:33:44.359"></status>
</kw>
<kw name="Run Keyword And Ignore Error" library="BuiltIn">
<doc>Runs the given keyword with the given arguments and ignores possible error.</doc>
<arguments>
<arg>Click Button</arg>
<arg>//button</arg>
</arguments>
<kw name="Click Button" library="Selenium2Library">
<doc>Clicks the button identified by ``locator``.</doc>
<arguments>
<arg>//button</arg>
</arguments>
<msg timestamp="20201126 06:33:44.359" level="INFO">Clicking button '//button'.</msg>
<kw name="Capture Page Screenshot" library="Selenium2Library">
<doc>Takes a screenshot of the current page and embeds it into a log file.</doc>
<msg timestamp="20201126 06:33:52.464" level="INFO" html="yes">&lt;/td&gt;&lt;/tr&gt;&lt;tr&gt;&lt;td colspan="3"&gt;&lt;a href="selenium-screenshot-181.png"&gt;&lt;img src="selenium-screenshot-181.png" width="800px"&gt;&lt;/a&gt;</msg>
<status status="PASS" starttime="20201126 06:33:51.714" endtime="20201126 06:33:52.464"></status>
</kw>
<msg timestamp="20201126 06:33:52.466" level="FAIL">ElementNotInteractableException: Message: element not interactable
  (Session info: chrome=86.0.4240.198)
</msg>
<status status="FAIL" starttime="20201126 06:33:44.359" endtime="20201126 06:33:52.466"></status>
</kw>
<status status="PASS" starttime="20201126 06:33:44.359" endtime="20201126 06:33:52.466"></status>
</kw>
<kw name="Sleep" library="BuiltIn">
<doc>Pauses the test executed for the given time.</doc>
<arguments>
<arg>1s</arg>
</arguments>
<msg timestamp="20201126 06:33:53.468" level="INFO">Slept 1 second</msg>
<status status="PASS" starttime="20201126 06:33:52.466" endtime="20201126 06:33:53.468"></status>
</kw>
<status status="PASS" starttime="20201126 06:33:35.311" endtime="20201126 06:33:53.468"></status>
</kw>
<kw name="Reload Page" library="Selenium2Library">
<doc>Simulates user reloading page.</doc>
<status status="PASS" starttime="20201126 06:33:53.469" endtime="20201126 06:33:54.326"></status>
</kw>
<status status="PASS" starttime="20201126 06:33:35.311" endtime="20201126 06:33:54.326"></status>
</kw>
<status status="PASS" starttime="20201126 06:29:09.439" endtime="20201126 06:33:54.326"></status>
</kw>
<kw name="Close Browser" library="Selenium2Library">
<doc>Closes the current browser.</doc>
<status status="PASS" starttime="20201126 06:33:54.326" endtime="20201126 06:33:56.765"></status>
</kw>
<status status="PASS" starttime="20201126 06:28:49.013" endtime="20201126 06:33:56.765" critical="yes"></status>
</test>
<status status="PASS" starttime="20201126 06:25:54.524" endtime="20201126 06:33:56.767"></status>
</suite>
<statistics>
<total>
<stat pass="2" fail="0">Critical Tests</stat>
<stat pass="2" fail="0">All Tests</stat>
</total>
<tag>
</tag>
<suite>
<stat pass="2" fail="0" id="s1" name="HZ LOCATION EDIT 008">HZ LOCATION EDIT 008</stat>
</suite>
</statistics>
<errors>
</errors>
</robot>
